
*** Running vivado
    with args -log Root.vds -m64 -product Vivado -mode batch -messageDb vivado.pb -notrace -source Root.tcl


****** Vivado v2018.3 (64-bit)
  **** SW Build 2405991 on Thu Dec  6 23:38:27 MST 2018
  **** IP Build 2404404 on Fri Dec  7 01:43:56 MST 2018
    ** Copyright 1986-2018 Xilinx, Inc. All Rights Reserved.

source Root.tcl -notrace
Command: synth_design -top Root -part xczu7ev-ffvc1156-2-e
Starting synth_design
Attempting to get a license for feature 'Synthesis' and/or device 'xczu7ev'
INFO: [Common 17-349] Got license for feature 'Synthesis' and/or device 'xczu7ev'
INFO: Launching helper process for spawning children vivado processes
INFO: Helper process launched with PID 216 
---------------------------------------------------------------------------------
Starting RTL Elaboration : Time (s): cpu = 00:00:03 ; elapsed = 00:00:04 . Memory (MB): peak = 392.801 ; gain = 103.938
---------------------------------------------------------------------------------
INFO: [Synth 8-6157] synthesizing module 'Root' [C:/Users/Anon/Dropbox/projects/UAH/S2019/CPE526/project/CustomController/CustomController.srcs/sources_1/new/Root.sv:1]
INFO: [Synth 8-6157] synthesizing module 'ddr4_phy_0' [C:/Users/Anon/Dropbox/projects/UAH/S2019/CPE526/project/CustomController/CustomController.runs/synth_1/.Xil/Vivado-6528-ANON-LAPTOP/realtime/ddr4_phy_0_stub.v:6]
INFO: [Synth 8-6155] done synthesizing module 'ddr4_phy_0' (1#1) [C:/Users/Anon/Dropbox/projects/UAH/S2019/CPE526/project/CustomController/CustomController.runs/synth_1/.Xil/Vivado-6528-ANON-LAPTOP/realtime/ddr4_phy_0_stub.v:6]
WARNING: [Synth 8-350] instance 'phy' of module 'ddr4_phy_0' requires 49 connections, but only 38 given [C:/Users/Anon/Dropbox/projects/UAH/S2019/CPE526/project/CustomController/CustomController.srcs/sources_1/new/Root.sv:63]
WARNING: [Synth 8-3848] Net ddr4_par in module/entity Root does not have driver. [C:/Users/Anon/Dropbox/projects/UAH/S2019/CPE526/project/CustomController/CustomController.srcs/sources_1/new/Root.sv:13]
WARNING: [Synth 8-3848] Net wrData in module/entity Root does not have driver. [C:/Users/Anon/Dropbox/projects/UAH/S2019/CPE526/project/CustomController/CustomController.srcs/sources_1/new/Root.sv:34]
WARNING: [Synth 8-3848] Net activate in module/entity Root does not have driver. [C:/Users/Anon/Dropbox/projects/UAH/S2019/CPE526/project/CustomController/CustomController.srcs/sources_1/new/Root.sv:84]
WARNING: [Synth 8-3848] Net address in module/entity Root does not have driver. [C:/Users/Anon/Dropbox/projects/UAH/S2019/CPE526/project/CustomController/CustomController.srcs/sources_1/new/Root.sv:29]
WARNING: [Synth 8-3848] Net bankAddress in module/entity Root does not have driver. [C:/Users/Anon/Dropbox/projects/UAH/S2019/CPE526/project/CustomController/CustomController.srcs/sources_1/new/Root.sv:30]
WARNING: [Synth 8-3848] Net bankGroup in module/entity Root does not have driver. [C:/Users/Anon/Dropbox/projects/UAH/S2019/CPE526/project/CustomController/CustomController.srcs/sources_1/new/Root.sv:31]
WARNING: [Synth 8-3848] Net cke in module/entity Root does not have driver. [C:/Users/Anon/Dropbox/projects/UAH/S2019/CPE526/project/CustomController/CustomController.srcs/sources_1/new/Root.sv:37]
WARNING: [Synth 8-3848] Net cs in module/entity Root does not have driver. [C:/Users/Anon/Dropbox/projects/UAH/S2019/CPE526/project/CustomController/CustomController.srcs/sources_1/new/Root.sv:38]
WARNING: [Synth 8-3848] Net odt in module/entity Root does not have driver. [C:/Users/Anon/Dropbox/projects/UAH/S2019/CPE526/project/CustomController/CustomController.srcs/sources_1/new/Root.sv:39]
WARNING: [Synth 8-3848] Net casSlot in module/entity Root does not have driver. [C:/Users/Anon/Dropbox/projects/UAH/S2019/CPE526/project/CustomController/CustomController.srcs/sources_1/new/Root.sv:40]
WARNING: [Synth 8-3848] Net casSlot2 in module/entity Root does not have driver. [C:/Users/Anon/Dropbox/projects/UAH/S2019/CPE526/project/CustomController/CustomController.srcs/sources_1/new/Root.sv:41]
WARNING: [Synth 8-3848] Net rdCAS in module/entity Root does not have driver. [C:/Users/Anon/Dropbox/projects/UAH/S2019/CPE526/project/CustomController/CustomController.srcs/sources_1/new/Root.sv:42]
WARNING: [Synth 8-3848] Net wrCAS in module/entity Root does not have driver. [C:/Users/Anon/Dropbox/projects/UAH/S2019/CPE526/project/CustomController/CustomController.srcs/sources_1/new/Root.sv:43]
INFO: [Synth 8-6155] done synthesizing module 'Root' (2#1) [C:/Users/Anon/Dropbox/projects/UAH/S2019/CPE526/project/CustomController/CustomController.srcs/sources_1/new/Root.sv:1]
WARNING: [Synth 8-3331] design Root has unconnected port ddr4_par
---------------------------------------------------------------------------------
Finished RTL Elaboration : Time (s): cpu = 00:00:04 ; elapsed = 00:00:05 . Memory (MB): peak = 448.480 ; gain = 159.617
---------------------------------------------------------------------------------

Report Check Netlist: 
+------+------------------+-------+---------+-------+------------------+
|      |Item              |Errors |Warnings |Status |Description       |
+------+------------------+-------+---------+-------+------------------+
|1     |multi_driven_nets |      0|        0|Passed |Multi driven nets |
+------+------------------+-------+---------+-------+------------------+
---------------------------------------------------------------------------------
Start Handling Custom Attributes
---------------------------------------------------------------------------------
---------------------------------------------------------------------------------
Finished Handling Custom Attributes : Time (s): cpu = 00:00:04 ; elapsed = 00:00:05 . Memory (MB): peak = 448.480 ; gain = 159.617
---------------------------------------------------------------------------------
---------------------------------------------------------------------------------
Finished RTL Optimization Phase 1 : Time (s): cpu = 00:00:04 ; elapsed = 00:00:05 . Memory (MB): peak = 448.480 ; gain = 159.617
---------------------------------------------------------------------------------
INFO: [Device 21-403] Loading part xczu7ev-ffvc1156-2-e
INFO: [Project 1-570] Preparing netlist for logic optimization

Processing XDC Constraints
Initializing timing engine
Parsing XDC File [c:/Users/Anon/Dropbox/projects/UAH/S2019/CPE526/project/CustomController/CustomController.srcs/sources_1/ip/ddr4_phy_0/ddr4_phy_0/ddr4_phy_0_in_context.xdc] for cell 'phy'
Finished Parsing XDC File [c:/Users/Anon/Dropbox/projects/UAH/S2019/CPE526/project/CustomController/CustomController.srcs/sources_1/ip/ddr4_phy_0/ddr4_phy_0/ddr4_phy_0_in_context.xdc] for cell 'phy'
Completed Processing XDC Constraints

Netlist sorting complete. Time (s): cpu = 00:00:00 ; elapsed = 00:00:00 . Memory (MB): peak = 1538.129 ; gain = 0.000
INFO: [Project 1-111] Unisim Transformation Summary:
No Unisim elements were transformed.

Netlist sorting complete. Time (s): cpu = 00:00:00 ; elapsed = 00:00:00 . Memory (MB): peak = 1538.129 ; gain = 0.000
Constraint Validation Runtime : Time (s): cpu = 00:00:00 ; elapsed = 00:00:00.026 . Memory (MB): peak = 1538.129 ; gain = 0.000
---------------------------------------------------------------------------------
Finished Constraint Validation : Time (s): cpu = 00:00:19 ; elapsed = 00:00:24 . Memory (MB): peak = 1538.129 ; gain = 1249.266
---------------------------------------------------------------------------------
---------------------------------------------------------------------------------
Start Loading Part and Timing Information
---------------------------------------------------------------------------------
Loading part: xczu7ev-ffvc1156-2-e
INFO: [Synth 8-6742] Reading net delay rules and data
---------------------------------------------------------------------------------
Finished Loading Part and Timing Information : Time (s): cpu = 00:00:19 ; elapsed = 00:00:24 . Memory (MB): peak = 1538.129 ; gain = 1249.266
---------------------------------------------------------------------------------
---------------------------------------------------------------------------------
Start Applying 'set_property' XDC Constraints
---------------------------------------------------------------------------------
Applied set_property IO_BUFFER_TYPE = NONE for ddr4_act_n. (constraint file  c:/Users/Anon/Dropbox/projects/UAH/S2019/CPE526/project/CustomController/CustomController.srcs/sources_1/ip/ddr4_phy_0/ddr4_phy_0/ddr4_phy_0_in_context.xdc, line 4).
Applied set_property CLOCK_BUFFER_TYPE = NONE for ddr4_act_n. (constraint file  c:/Users/Anon/Dropbox/projects/UAH/S2019/CPE526/project/CustomController/CustomController.srcs/sources_1/ip/ddr4_phy_0/ddr4_phy_0/ddr4_phy_0_in_context.xdc, line 5).
Applied set_property IO_BUFFER_TYPE = NONE for ddr4_adr[0]. (constraint file  c:/Users/Anon/Dropbox/projects/UAH/S2019/CPE526/project/CustomController/CustomController.srcs/sources_1/ip/ddr4_phy_0/ddr4_phy_0/ddr4_phy_0_in_context.xdc, line 6).
Applied set_property CLOCK_BUFFER_TYPE = NONE for ddr4_adr[0]. (constraint file  c:/Users/Anon/Dropbox/projects/UAH/S2019/CPE526/project/CustomController/CustomController.srcs/sources_1/ip/ddr4_phy_0/ddr4_phy_0/ddr4_phy_0_in_context.xdc, line 7).
Applied set_property IO_BUFFER_TYPE = NONE for ddr4_adr[10]. (constraint file  c:/Users/Anon/Dropbox/projects/UAH/S2019/CPE526/project/CustomController/CustomController.srcs/sources_1/ip/ddr4_phy_0/ddr4_phy_0/ddr4_phy_0_in_context.xdc, line 8).
Applied set_property CLOCK_BUFFER_TYPE = NONE for ddr4_adr[10]. (constraint file  c:/Users/Anon/Dropbox/projects/UAH/S2019/CPE526/project/CustomController/CustomController.srcs/sources_1/ip/ddr4_phy_0/ddr4_phy_0/ddr4_phy_0_in_context.xdc, line 9).
Applied set_property IO_BUFFER_TYPE = NONE for ddr4_adr[11]. (constraint file  c:/Users/Anon/Dropbox/projects/UAH/S2019/CPE526/project/CustomController/CustomController.srcs/sources_1/ip/ddr4_phy_0/ddr4_phy_0/ddr4_phy_0_in_context.xdc, line 10).
Applied set_property CLOCK_BUFFER_TYPE = NONE for ddr4_adr[11]. (constraint file  c:/Users/Anon/Dropbox/projects/UAH/S2019/CPE526/project/CustomController/CustomController.srcs/sources_1/ip/ddr4_phy_0/ddr4_phy_0/ddr4_phy_0_in_context.xdc, line 11).
Applied set_property IO_BUFFER_TYPE = NONE for ddr4_adr[12]. (constraint file  c:/Users/Anon/Dropbox/projects/UAH/S2019/CPE526/project/CustomController/CustomController.srcs/sources_1/ip/ddr4_phy_0/ddr4_phy_0/ddr4_phy_0_in_context.xdc, line 12).
Applied set_property CLOCK_BUFFER_TYPE = NONE for ddr4_adr[12]. (constraint file  c:/Users/Anon/Dropbox/projects/UAH/S2019/CPE526/project/CustomController/CustomController.srcs/sources_1/ip/ddr4_phy_0/ddr4_phy_0/ddr4_phy_0_in_context.xdc, line 13).
Applied set_property IO_BUFFER_TYPE = NONE for ddr4_adr[13]. (constraint file  c:/Users/Anon/Dropbox/projects/UAH/S2019/CPE526/project/CustomController/CustomController.srcs/sources_1/ip/ddr4_phy_0/ddr4_phy_0/ddr4_phy_0_in_context.xdc, line 14).
Applied set_property CLOCK_BUFFER_TYPE = NONE for ddr4_adr[13]. (constraint file  c:/Users/Anon/Dropbox/projects/UAH/S2019/CPE526/project/CustomController/CustomController.srcs/sources_1/ip/ddr4_phy_0/ddr4_phy_0/ddr4_phy_0_in_context.xdc, line 15).
Applied set_property IO_BUFFER_TYPE = NONE for ddr4_adr[14]. (constraint file  c:/Users/Anon/Dropbox/projects/UAH/S2019/CPE526/project/CustomController/CustomController.srcs/sources_1/ip/ddr4_phy_0/ddr4_phy_0/ddr4_phy_0_in_context.xdc, line 16).
Applied set_property CLOCK_BUFFER_TYPE = NONE for ddr4_adr[14]. (constraint file  c:/Users/Anon/Dropbox/projects/UAH/S2019/CPE526/project/CustomController/CustomController.srcs/sources_1/ip/ddr4_phy_0/ddr4_phy_0/ddr4_phy_0_in_context.xdc, line 17).
Applied set_property IO_BUFFER_TYPE = NONE for ddr4_adr[15]. (constraint file  c:/Users/Anon/Dropbox/projects/UAH/S2019/CPE526/project/CustomController/CustomController.srcs/sources_1/ip/ddr4_phy_0/ddr4_phy_0/ddr4_phy_0_in_context.xdc, line 18).
Applied set_property CLOCK_BUFFER_TYPE = NONE for ddr4_adr[15]. (constraint file  c:/Users/Anon/Dropbox/projects/UAH/S2019/CPE526/project/CustomController/CustomController.srcs/sources_1/ip/ddr4_phy_0/ddr4_phy_0/ddr4_phy_0_in_context.xdc, line 19).
Applied set_property IO_BUFFER_TYPE = NONE for ddr4_adr[16]. (constraint file  c:/Users/Anon/Dropbox/projects/UAH/S2019/CPE526/project/CustomController/CustomController.srcs/sources_1/ip/ddr4_phy_0/ddr4_phy_0/ddr4_phy_0_in_context.xdc, line 20).
Applied set_property CLOCK_BUFFER_TYPE = NONE for ddr4_adr[16]. (constraint file  c:/Users/Anon/Dropbox/projects/UAH/S2019/CPE526/project/CustomController/CustomController.srcs/sources_1/ip/ddr4_phy_0/ddr4_phy_0/ddr4_phy_0_in_context.xdc, line 21).
Applied set_property IO_BUFFER_TYPE = NONE for ddr4_adr[1]. (constraint file  c:/Users/Anon/Dropbox/projects/UAH/S2019/CPE526/project/CustomController/CustomController.srcs/sources_1/ip/ddr4_phy_0/ddr4_phy_0/ddr4_phy_0_in_context.xdc, line 22).
Applied set_property CLOCK_BUFFER_TYPE = NONE for ddr4_adr[1]. (constraint file  c:/Users/Anon/Dropbox/projects/UAH/S2019/CPE526/project/CustomController/CustomController.srcs/sources_1/ip/ddr4_phy_0/ddr4_phy_0/ddr4_phy_0_in_context.xdc, line 23).
Applied set_property IO_BUFFER_TYPE = NONE for ddr4_adr[2]. (constraint file  c:/Users/Anon/Dropbox/projects/UAH/S2019/CPE526/project/CustomController/CustomController.srcs/sources_1/ip/ddr4_phy_0/ddr4_phy_0/ddr4_phy_0_in_context.xdc, line 24).
Applied set_property CLOCK_BUFFER_TYPE = NONE for ddr4_adr[2]. (constraint file  c:/Users/Anon/Dropbox/projects/UAH/S2019/CPE526/project/CustomController/CustomController.srcs/sources_1/ip/ddr4_phy_0/ddr4_phy_0/ddr4_phy_0_in_context.xdc, line 25).
Applied set_property IO_BUFFER_TYPE = NONE for ddr4_adr[3]. (constraint file  c:/Users/Anon/Dropbox/projects/UAH/S2019/CPE526/project/CustomController/CustomController.srcs/sources_1/ip/ddr4_phy_0/ddr4_phy_0/ddr4_phy_0_in_context.xdc, line 26).
Applied set_property CLOCK_BUFFER_TYPE = NONE for ddr4_adr[3]. (constraint file  c:/Users/Anon/Dropbox/projects/UAH/S2019/CPE526/project/CustomController/CustomController.srcs/sources_1/ip/ddr4_phy_0/ddr4_phy_0/ddr4_phy_0_in_context.xdc, line 27).
Applied set_property IO_BUFFER_TYPE = NONE for ddr4_adr[4]. (constraint file  c:/Users/Anon/Dropbox/projects/UAH/S2019/CPE526/project/CustomController/CustomController.srcs/sources_1/ip/ddr4_phy_0/ddr4_phy_0/ddr4_phy_0_in_context.xdc, line 28).
Applied set_property CLOCK_BUFFER_TYPE = NONE for ddr4_adr[4]. (constraint file  c:/Users/Anon/Dropbox/projects/UAH/S2019/CPE526/project/CustomController/CustomController.srcs/sources_1/ip/ddr4_phy_0/ddr4_phy_0/ddr4_phy_0_in_context.xdc, line 29).
Applied set_property IO_BUFFER_TYPE = NONE for ddr4_adr[5]. (constraint file  c:/Users/Anon/Dropbox/projects/UAH/S2019/CPE526/project/CustomController/CustomController.srcs/sources_1/ip/ddr4_phy_0/ddr4_phy_0/ddr4_phy_0_in_context.xdc, line 30).
Applied set_property CLOCK_BUFFER_TYPE = NONE for ddr4_adr[5]. (constraint file  c:/Users/Anon/Dropbox/projects/UAH/S2019/CPE526/project/CustomController/CustomController.srcs/sources_1/ip/ddr4_phy_0/ddr4_phy_0/ddr4_phy_0_in_context.xdc, line 31).
Applied set_property IO_BUFFER_TYPE = NONE for ddr4_adr[6]. (constraint file  c:/Users/Anon/Dropbox/projects/UAH/S2019/CPE526/project/CustomController/CustomController.srcs/sources_1/ip/ddr4_phy_0/ddr4_phy_0/ddr4_phy_0_in_context.xdc, line 32).
Applied set_property CLOCK_BUFFER_TYPE = NONE for ddr4_adr[6]. (constraint file  c:/Users/Anon/Dropbox/projects/UAH/S2019/CPE526/project/CustomController/CustomController.srcs/sources_1/ip/ddr4_phy_0/ddr4_phy_0/ddr4_phy_0_in_context.xdc, line 33).
Applied set_property IO_BUFFER_TYPE = NONE for ddr4_adr[7]. (constraint file  c:/Users/Anon/Dropbox/projects/UAH/S2019/CPE526/project/CustomController/CustomController.srcs/sources_1/ip/ddr4_phy_0/ddr4_phy_0/ddr4_phy_0_in_context.xdc, line 34).
Applied set_property CLOCK_BUFFER_TYPE = NONE for ddr4_adr[7]. (constraint file  c:/Users/Anon/Dropbox/projects/UAH/S2019/CPE526/project/CustomController/CustomController.srcs/sources_1/ip/ddr4_phy_0/ddr4_phy_0/ddr4_phy_0_in_context.xdc, line 35).
Applied set_property IO_BUFFER_TYPE = NONE for ddr4_adr[8]. (constraint file  c:/Users/Anon/Dropbox/projects/UAH/S2019/CPE526/project/CustomController/CustomController.srcs/sources_1/ip/ddr4_phy_0/ddr4_phy_0/ddr4_phy_0_in_context.xdc, line 36).
Applied set_property CLOCK_BUFFER_TYPE = NONE for ddr4_adr[8]. (constraint file  c:/Users/Anon/Dropbox/projects/UAH/S2019/CPE526/project/CustomController/CustomController.srcs/sources_1/ip/ddr4_phy_0/ddr4_phy_0/ddr4_phy_0_in_context.xdc, line 37).
Applied set_property IO_BUFFER_TYPE = NONE for ddr4_adr[9]. (constraint file  c:/Users/Anon/Dropbox/projects/UAH/S2019/CPE526/project/CustomController/CustomController.srcs/sources_1/ip/ddr4_phy_0/ddr4_phy_0/ddr4_phy_0_in_context.xdc, line 38).
Applied set_property CLOCK_BUFFER_TYPE = NONE for ddr4_adr[9]. (constraint file  c:/Users/Anon/Dropbox/projects/UAH/S2019/CPE526/project/CustomController/CustomController.srcs/sources_1/ip/ddr4_phy_0/ddr4_phy_0/ddr4_phy_0_in_context.xdc, line 39).
Applied set_property IO_BUFFER_TYPE = NONE for ddr4_ba[0]. (constraint file  c:/Users/Anon/Dropbox/projects/UAH/S2019/CPE526/project/CustomController/CustomController.srcs/sources_1/ip/ddr4_phy_0/ddr4_phy_0/ddr4_phy_0_in_context.xdc, line 40).
Applied set_property CLOCK_BUFFER_TYPE = NONE for ddr4_ba[0]. (constraint file  c:/Users/Anon/Dropbox/projects/UAH/S2019/CPE526/project/CustomController/CustomController.srcs/sources_1/ip/ddr4_phy_0/ddr4_phy_0/ddr4_phy_0_in_context.xdc, line 41).
Applied set_property IO_BUFFER_TYPE = NONE for ddr4_ba[1]. (constraint file  c:/Users/Anon/Dropbox/projects/UAH/S2019/CPE526/project/CustomController/CustomController.srcs/sources_1/ip/ddr4_phy_0/ddr4_phy_0/ddr4_phy_0_in_context.xdc, line 42).
Applied set_property CLOCK_BUFFER_TYPE = NONE for ddr4_ba[1]. (constraint file  c:/Users/Anon/Dropbox/projects/UAH/S2019/CPE526/project/CustomController/CustomController.srcs/sources_1/ip/ddr4_phy_0/ddr4_phy_0/ddr4_phy_0_in_context.xdc, line 43).
Applied set_property IO_BUFFER_TYPE = NONE for ddr4_bg[0]. (constraint file  c:/Users/Anon/Dropbox/projects/UAH/S2019/CPE526/project/CustomController/CustomController.srcs/sources_1/ip/ddr4_phy_0/ddr4_phy_0/ddr4_phy_0_in_context.xdc, line 44).
Applied set_property CLOCK_BUFFER_TYPE = NONE for ddr4_bg[0]. (constraint file  c:/Users/Anon/Dropbox/projects/UAH/S2019/CPE526/project/CustomController/CustomController.srcs/sources_1/ip/ddr4_phy_0/ddr4_phy_0/ddr4_phy_0_in_context.xdc, line 45).
Applied set_property IO_BUFFER_TYPE = NONE for ddr4_bg[1]. (constraint file  c:/Users/Anon/Dropbox/projects/UAH/S2019/CPE526/project/CustomController/CustomController.srcs/sources_1/ip/ddr4_phy_0/ddr4_phy_0/ddr4_phy_0_in_context.xdc, line 46).
Applied set_property CLOCK_BUFFER_TYPE = NONE for ddr4_bg[1]. (constraint file  c:/Users/Anon/Dropbox/projects/UAH/S2019/CPE526/project/CustomController/CustomController.srcs/sources_1/ip/ddr4_phy_0/ddr4_phy_0/ddr4_phy_0_in_context.xdc, line 47).
Applied set_property IO_BUFFER_TYPE = NONE for ddr4_ck_c. (constraint file  c:/Users/Anon/Dropbox/projects/UAH/S2019/CPE526/project/CustomController/CustomController.srcs/sources_1/ip/ddr4_phy_0/ddr4_phy_0/ddr4_phy_0_in_context.xdc, line 48).
Applied set_property CLOCK_BUFFER_TYPE = NONE for ddr4_ck_c. (constraint file  c:/Users/Anon/Dropbox/projects/UAH/S2019/CPE526/project/CustomController/CustomController.srcs/sources_1/ip/ddr4_phy_0/ddr4_phy_0/ddr4_phy_0_in_context.xdc, line 49).
Applied set_property IO_BUFFER_TYPE = NONE for ddr4_ck_t. (constraint file  c:/Users/Anon/Dropbox/projects/UAH/S2019/CPE526/project/CustomController/CustomController.srcs/sources_1/ip/ddr4_phy_0/ddr4_phy_0/ddr4_phy_0_in_context.xdc, line 50).
Applied set_property CLOCK_BUFFER_TYPE = NONE for ddr4_ck_t. (constraint file  c:/Users/Anon/Dropbox/projects/UAH/S2019/CPE526/project/CustomController/CustomController.srcs/sources_1/ip/ddr4_phy_0/ddr4_phy_0/ddr4_phy_0_in_context.xdc, line 51).
Applied set_property IO_BUFFER_TYPE = NONE for ddr4_cke[0]. (constraint file  c:/Users/Anon/Dropbox/projects/UAH/S2019/CPE526/project/CustomController/CustomController.srcs/sources_1/ip/ddr4_phy_0/ddr4_phy_0/ddr4_phy_0_in_context.xdc, line 52).
Applied set_property CLOCK_BUFFER_TYPE = NONE for ddr4_cke[0]. (constraint file  c:/Users/Anon/Dropbox/projects/UAH/S2019/CPE526/project/CustomController/CustomController.srcs/sources_1/ip/ddr4_phy_0/ddr4_phy_0/ddr4_phy_0_in_context.xdc, line 53).
Applied set_property IO_BUFFER_TYPE = NONE for ddr4_cs_n[0]. (constraint file  c:/Users/Anon/Dropbox/projects/UAH/S2019/CPE526/project/CustomController/CustomController.srcs/sources_1/ip/ddr4_phy_0/ddr4_phy_0/ddr4_phy_0_in_context.xdc, line 54).
Applied set_property CLOCK_BUFFER_TYPE = NONE for ddr4_cs_n[0]. (constraint file  c:/Users/Anon/Dropbox/projects/UAH/S2019/CPE526/project/CustomController/CustomController.srcs/sources_1/ip/ddr4_phy_0/ddr4_phy_0/ddr4_phy_0_in_context.xdc, line 55).
Applied set_property IO_BUFFER_TYPE = NONE for ddr4_dm_dbi_n[0]. (constraint file  c:/Users/Anon/Dropbox/projects/UAH/S2019/CPE526/project/CustomController/CustomController.srcs/sources_1/ip/ddr4_phy_0/ddr4_phy_0/ddr4_phy_0_in_context.xdc, line 56).
Applied set_property CLOCK_BUFFER_TYPE = NONE for ddr4_dm_dbi_n[0]. (constraint file  c:/Users/Anon/Dropbox/projects/UAH/S2019/CPE526/project/CustomController/CustomController.srcs/sources_1/ip/ddr4_phy_0/ddr4_phy_0/ddr4_phy_0_in_context.xdc, line 57).
Applied set_property IO_BUFFER_TYPE = NONE for ddr4_dm_dbi_n[1]. (constraint file  c:/Users/Anon/Dropbox/projects/UAH/S2019/CPE526/project/CustomController/CustomController.srcs/sources_1/ip/ddr4_phy_0/ddr4_phy_0/ddr4_phy_0_in_context.xdc, line 58).
Applied set_property CLOCK_BUFFER_TYPE = NONE for ddr4_dm_dbi_n[1]. (constraint file  c:/Users/Anon/Dropbox/projects/UAH/S2019/CPE526/project/CustomController/CustomController.srcs/sources_1/ip/ddr4_phy_0/ddr4_phy_0/ddr4_phy_0_in_context.xdc, line 59).
Applied set_property IO_BUFFER_TYPE = NONE for ddr4_dm_dbi_n[2]. (constraint file  c:/Users/Anon/Dropbox/projects/UAH/S2019/CPE526/project/CustomController/CustomController.srcs/sources_1/ip/ddr4_phy_0/ddr4_phy_0/ddr4_phy_0_in_context.xdc, line 60).
Applied set_property CLOCK_BUFFER_TYPE = NONE for ddr4_dm_dbi_n[2]. (constraint file  c:/Users/Anon/Dropbox/projects/UAH/S2019/CPE526/project/CustomController/CustomController.srcs/sources_1/ip/ddr4_phy_0/ddr4_phy_0/ddr4_phy_0_in_context.xdc, line 61).
Applied set_property IO_BUFFER_TYPE = NONE for ddr4_dm_dbi_n[3]. (constraint file  c:/Users/Anon/Dropbox/projects/UAH/S2019/CPE526/project/CustomController/CustomController.srcs/sources_1/ip/ddr4_phy_0/ddr4_phy_0/ddr4_phy_0_in_context.xdc, line 62).
Applied set_property CLOCK_BUFFER_TYPE = NONE for ddr4_dm_dbi_n[3]. (constraint file  c:/Users/Anon/Dropbox/projects/UAH/S2019/CPE526/project/CustomController/CustomController.srcs/sources_1/ip/ddr4_phy_0/ddr4_phy_0/ddr4_phy_0_in_context.xdc, line 63).
Applied set_property IO_BUFFER_TYPE = NONE for ddr4_dm_dbi_n[4]. (constraint file  c:/Users/Anon/Dropbox/projects/UAH/S2019/CPE526/project/CustomController/CustomController.srcs/sources_1/ip/ddr4_phy_0/ddr4_phy_0/ddr4_phy_0_in_context.xdc, line 64).
Applied set_property CLOCK_BUFFER_TYPE = NONE for ddr4_dm_dbi_n[4]. (constraint file  c:/Users/Anon/Dropbox/projects/UAH/S2019/CPE526/project/CustomController/CustomController.srcs/sources_1/ip/ddr4_phy_0/ddr4_phy_0/ddr4_phy_0_in_context.xdc, line 65).
Applied set_property IO_BUFFER_TYPE = NONE for ddr4_dm_dbi_n[5]. (constraint file  c:/Users/Anon/Dropbox/projects/UAH/S2019/CPE526/project/CustomController/CustomController.srcs/sources_1/ip/ddr4_phy_0/ddr4_phy_0/ddr4_phy_0_in_context.xdc, line 66).
Applied set_property CLOCK_BUFFER_TYPE = NONE for ddr4_dm_dbi_n[5]. (constraint file  c:/Users/Anon/Dropbox/projects/UAH/S2019/CPE526/project/CustomController/CustomController.srcs/sources_1/ip/ddr4_phy_0/ddr4_phy_0/ddr4_phy_0_in_context.xdc, line 67).
Applied set_property IO_BUFFER_TYPE = NONE for ddr4_dm_dbi_n[6]. (constraint file  c:/Users/Anon/Dropbox/projects/UAH/S2019/CPE526/project/CustomController/CustomController.srcs/sources_1/ip/ddr4_phy_0/ddr4_phy_0/ddr4_phy_0_in_context.xdc, line 68).
Applied set_property CLOCK_BUFFER_TYPE = NONE for ddr4_dm_dbi_n[6]. (constraint file  c:/Users/Anon/Dropbox/projects/UAH/S2019/CPE526/project/CustomController/CustomController.srcs/sources_1/ip/ddr4_phy_0/ddr4_phy_0/ddr4_phy_0_in_context.xdc, line 69).
Applied set_property IO_BUFFER_TYPE = NONE for ddr4_dm_dbi_n[7]. (constraint file  c:/Users/Anon/Dropbox/projects/UAH/S2019/CPE526/project/CustomController/CustomController.srcs/sources_1/ip/ddr4_phy_0/ddr4_phy_0/ddr4_phy_0_in_context.xdc, line 70).
Applied set_property CLOCK_BUFFER_TYPE = NONE for ddr4_dm_dbi_n[7]. (constraint file  c:/Users/Anon/Dropbox/projects/UAH/S2019/CPE526/project/CustomController/CustomController.srcs/sources_1/ip/ddr4_phy_0/ddr4_phy_0/ddr4_phy_0_in_context.xdc, line 71).
Applied set_property IO_BUFFER_TYPE = NONE for ddr4_dq[0]. (constraint file  c:/Users/Anon/Dropbox/projects/UAH/S2019/CPE526/project/CustomController/CustomController.srcs/sources_1/ip/ddr4_phy_0/ddr4_phy_0/ddr4_phy_0_in_context.xdc, line 72).
Applied set_property CLOCK_BUFFER_TYPE = NONE for ddr4_dq[0]. (constraint file  c:/Users/Anon/Dropbox/projects/UAH/S2019/CPE526/project/CustomController/CustomController.srcs/sources_1/ip/ddr4_phy_0/ddr4_phy_0/ddr4_phy_0_in_context.xdc, line 73).
Applied set_property IO_BUFFER_TYPE = NONE for ddr4_dq[10]. (constraint file  c:/Users/Anon/Dropbox/projects/UAH/S2019/CPE526/project/CustomController/CustomController.srcs/sources_1/ip/ddr4_phy_0/ddr4_phy_0/ddr4_phy_0_in_context.xdc, line 74).
Applied set_property CLOCK_BUFFER_TYPE = NONE for ddr4_dq[10]. (constraint file  c:/Users/Anon/Dropbox/projects/UAH/S2019/CPE526/project/CustomController/CustomController.srcs/sources_1/ip/ddr4_phy_0/ddr4_phy_0/ddr4_phy_0_in_context.xdc, line 75).
Applied set_property IO_BUFFER_TYPE = NONE for ddr4_dq[11]. (constraint file  c:/Users/Anon/Dropbox/projects/UAH/S2019/CPE526/project/CustomController/CustomController.srcs/sources_1/ip/ddr4_phy_0/ddr4_phy_0/ddr4_phy_0_in_context.xdc, line 76).
Applied set_property CLOCK_BUFFER_TYPE = NONE for ddr4_dq[11]. (constraint file  c:/Users/Anon/Dropbox/projects/UAH/S2019/CPE526/project/CustomController/CustomController.srcs/sources_1/ip/ddr4_phy_0/ddr4_phy_0/ddr4_phy_0_in_context.xdc, line 77).
Applied set_property IO_BUFFER_TYPE = NONE for ddr4_dq[12]. (constraint file  c:/Users/Anon/Dropbox/projects/UAH/S2019/CPE526/project/CustomController/CustomController.srcs/sources_1/ip/ddr4_phy_0/ddr4_phy_0/ddr4_phy_0_in_context.xdc, line 78).
Applied set_property CLOCK_BUFFER_TYPE = NONE for ddr4_dq[12]. (constraint file  c:/Users/Anon/Dropbox/projects/UAH/S2019/CPE526/project/CustomController/CustomController.srcs/sources_1/ip/ddr4_phy_0/ddr4_phy_0/ddr4_phy_0_in_context.xdc, line 79).
Applied set_property IO_BUFFER_TYPE = NONE for ddr4_dq[13]. (constraint file  c:/Users/Anon/Dropbox/projects/UAH/S2019/CPE526/project/CustomController/CustomController.srcs/sources_1/ip/ddr4_phy_0/ddr4_phy_0/ddr4_phy_0_in_context.xdc, line 80).
Applied set_property CLOCK_BUFFER_TYPE = NONE for ddr4_dq[13]. (constraint file  c:/Users/Anon/Dropbox/projects/UAH/S2019/CPE526/project/CustomController/CustomController.srcs/sources_1/ip/ddr4_phy_0/ddr4_phy_0/ddr4_phy_0_in_context.xdc, line 81).
Applied set_property IO_BUFFER_TYPE = NONE for ddr4_dq[14]. (constraint file  c:/Users/Anon/Dropbox/projects/UAH/S2019/CPE526/project/CustomController/CustomController.srcs/sources_1/ip/ddr4_phy_0/ddr4_phy_0/ddr4_phy_0_in_context.xdc, line 82).
Applied set_property CLOCK_BUFFER_TYPE = NONE for ddr4_dq[14]. (constraint file  c:/Users/Anon/Dropbox/projects/UAH/S2019/CPE526/project/CustomController/CustomController.srcs/sources_1/ip/ddr4_phy_0/ddr4_phy_0/ddr4_phy_0_in_context.xdc, line 83).
Applied set_property IO_BUFFER_TYPE = NONE for ddr4_dq[15]. (constraint file  c:/Users/Anon/Dropbox/projects/UAH/S2019/CPE526/project/CustomController/CustomController.srcs/sources_1/ip/ddr4_phy_0/ddr4_phy_0/ddr4_phy_0_in_context.xdc, line 84).
Applied set_property CLOCK_BUFFER_TYPE = NONE for ddr4_dq[15]. (constraint file  c:/Users/Anon/Dropbox/projects/UAH/S2019/CPE526/project/CustomController/CustomController.srcs/sources_1/ip/ddr4_phy_0/ddr4_phy_0/ddr4_phy_0_in_context.xdc, line 85).
Applied set_property IO_BUFFER_TYPE = NONE for ddr4_dq[16]. (constraint file  c:/Users/Anon/Dropbox/projects/UAH/S2019/CPE526/project/CustomController/CustomController.srcs/sources_1/ip/ddr4_phy_0/ddr4_phy_0/ddr4_phy_0_in_context.xdc, line 86).
Applied set_property CLOCK_BUFFER_TYPE = NONE for ddr4_dq[16]. (constraint file  c:/Users/Anon/Dropbox/projects/UAH/S2019/CPE526/project/CustomController/CustomController.srcs/sources_1/ip/ddr4_phy_0/ddr4_phy_0/ddr4_phy_0_in_context.xdc, line 87).
Applied set_property IO_BUFFER_TYPE = NONE for ddr4_dq[17]. (constraint file  c:/Users/Anon/Dropbox/projects/UAH/S2019/CPE526/project/CustomController/CustomController.srcs/sources_1/ip/ddr4_phy_0/ddr4_phy_0/ddr4_phy_0_in_context.xdc, line 88).
Applied set_property CLOCK_BUFFER_TYPE = NONE for ddr4_dq[17]. (constraint file  c:/Users/Anon/Dropbox/projects/UAH/S2019/CPE526/project/CustomController/CustomController.srcs/sources_1/ip/ddr4_phy_0/ddr4_phy_0/ddr4_phy_0_in_context.xdc, line 89).
Applied set_property IO_BUFFER_TYPE = NONE for ddr4_dq[18]. (constraint file  c:/Users/Anon/Dropbox/projects/UAH/S2019/CPE526/project/CustomController/CustomController.srcs/sources_1/ip/ddr4_phy_0/ddr4_phy_0/ddr4_phy_0_in_context.xdc, line 90).
Applied set_property CLOCK_BUFFER_TYPE = NONE for ddr4_dq[18]. (constraint file  c:/Users/Anon/Dropbox/projects/UAH/S2019/CPE526/project/CustomController/CustomController.srcs/sources_1/ip/ddr4_phy_0/ddr4_phy_0/ddr4_phy_0_in_context.xdc, line 91).
Applied set_property IO_BUFFER_TYPE = NONE for ddr4_dq[19]. (constraint file  c:/Users/Anon/Dropbox/projects/UAH/S2019/CPE526/project/CustomController/CustomController.srcs/sources_1/ip/ddr4_phy_0/ddr4_phy_0/ddr4_phy_0_in_context.xdc, line 92).
Applied set_property CLOCK_BUFFER_TYPE = NONE for ddr4_dq[19]. (constraint file  c:/Users/Anon/Dropbox/projects/UAH/S2019/CPE526/project/CustomController/CustomController.srcs/sources_1/ip/ddr4_phy_0/ddr4_phy_0/ddr4_phy_0_in_context.xdc, line 93).
Applied set_property IO_BUFFER_TYPE = NONE for ddr4_dq[1]. (constraint file  c:/Users/Anon/Dropbox/projects/UAH/S2019/CPE526/project/CustomController/CustomController.srcs/sources_1/ip/ddr4_phy_0/ddr4_phy_0/ddr4_phy_0_in_context.xdc, line 94).
Applied set_property CLOCK_BUFFER_TYPE = NONE for ddr4_dq[1]. (constraint file  c:/Users/Anon/Dropbox/projects/UAH/S2019/CPE526/project/CustomController/CustomController.srcs/sources_1/ip/ddr4_phy_0/ddr4_phy_0/ddr4_phy_0_in_context.xdc, line 95).
Applied set_property IO_BUFFER_TYPE = NONE for ddr4_dq[20]. (constraint file  c:/Users/Anon/Dropbox/projects/UAH/S2019/CPE526/project/CustomController/CustomController.srcs/sources_1/ip/ddr4_phy_0/ddr4_phy_0/ddr4_phy_0_in_context.xdc, line 96).
Applied set_property CLOCK_BUFFER_TYPE = NONE for ddr4_dq[20]. (constraint file  c:/Users/Anon/Dropbox/projects/UAH/S2019/CPE526/project/CustomController/CustomController.srcs/sources_1/ip/ddr4_phy_0/ddr4_phy_0/ddr4_phy_0_in_context.xdc, line 97).
Applied set_property IO_BUFFER_TYPE = NONE for ddr4_dq[21]. (constraint file  c:/Users/Anon/Dropbox/projects/UAH/S2019/CPE526/project/CustomController/CustomController.srcs/sources_1/ip/ddr4_phy_0/ddr4_phy_0/ddr4_phy_0_in_context.xdc, line 98).
Applied set_property CLOCK_BUFFER_TYPE = NONE for ddr4_dq[21]. (constraint file  c:/Users/Anon/Dropbox/projects/UAH/S2019/CPE526/project/CustomController/CustomController.srcs/sources_1/ip/ddr4_phy_0/ddr4_phy_0/ddr4_phy_0_in_context.xdc, line 99).
Applied set_property IO_BUFFER_TYPE = NONE for ddr4_dq[22]. (constraint file  c:/Users/Anon/Dropbox/projects/UAH/S2019/CPE526/project/CustomController/CustomController.srcs/sources_1/ip/ddr4_phy_0/ddr4_phy_0/ddr4_phy_0_in_context.xdc, line 100).
Applied set_property CLOCK_BUFFER_TYPE = NONE for ddr4_dq[22]. (constraint file  c:/Users/Anon/Dropbox/projects/UAH/S2019/CPE526/project/CustomController/CustomController.srcs/sources_1/ip/ddr4_phy_0/ddr4_phy_0/ddr4_phy_0_in_context.xdc, line 101).
Applied set_property IO_BUFFER_TYPE = NONE for ddr4_dq[23]. (constraint file  c:/Users/Anon/Dropbox/projects/UAH/S2019/CPE526/project/CustomController/CustomController.srcs/sources_1/ip/ddr4_phy_0/ddr4_phy_0/ddr4_phy_0_in_context.xdc, line 102).
Applied set_property CLOCK_BUFFER_TYPE = NONE for ddr4_dq[23]. (constraint file  c:/Users/Anon/Dropbox/projects/UAH/S2019/CPE526/project/CustomController/CustomController.srcs/sources_1/ip/ddr4_phy_0/ddr4_phy_0/ddr4_phy_0_in_context.xdc, line 103).
Applied set_property IO_BUFFER_TYPE = NONE for ddr4_dq[24]. (constraint file  c:/Users/Anon/Dropbox/projects/UAH/S2019/CPE526/project/CustomController/CustomController.srcs/sources_1/ip/ddr4_phy_0/ddr4_phy_0/ddr4_phy_0_in_context.xdc, line 104).
Applied set_property CLOCK_BUFFER_TYPE = NONE for ddr4_dq[24]. (constraint file  c:/Users/Anon/Dropbox/projects/UAH/S2019/CPE526/project/CustomController/CustomController.srcs/sources_1/ip/ddr4_phy_0/ddr4_phy_0/ddr4_phy_0_in_context.xdc, line 105).
Applied set_property IO_BUFFER_TYPE = NONE for ddr4_dq[25]. (constraint file  c:/Users/Anon/Dropbox/projects/UAH/S2019/CPE526/project/CustomController/CustomController.srcs/sources_1/ip/ddr4_phy_0/ddr4_phy_0/ddr4_phy_0_in_context.xdc, line 106).
Applied set_property CLOCK_BUFFER_TYPE = NONE for ddr4_dq[25]. (constraint file  c:/Users/Anon/Dropbox/projects/UAH/S2019/CPE526/project/CustomController/CustomController.srcs/sources_1/ip/ddr4_phy_0/ddr4_phy_0/ddr4_phy_0_in_context.xdc, line 107).
Applied set_property IO_BUFFER_TYPE = NONE for ddr4_dq[26]. (constraint file  c:/Users/Anon/Dropbox/projects/UAH/S2019/CPE526/project/CustomController/CustomController.srcs/sources_1/ip/ddr4_phy_0/ddr4_phy_0/ddr4_phy_0_in_context.xdc, line 108).
Applied set_property CLOCK_BUFFER_TYPE = NONE for ddr4_dq[26]. (constraint file  c:/Users/Anon/Dropbox/projects/UAH/S2019/CPE526/project/CustomController/CustomController.srcs/sources_1/ip/ddr4_phy_0/ddr4_phy_0/ddr4_phy_0_in_context.xdc, line 109).
Applied set_property IO_BUFFER_TYPE = NONE for ddr4_dq[27]. (constraint file  c:/Users/Anon/Dropbox/projects/UAH/S2019/CPE526/project/CustomController/CustomController.srcs/sources_1/ip/ddr4_phy_0/ddr4_phy_0/ddr4_phy_0_in_context.xdc, line 110).
Applied set_property CLOCK_BUFFER_TYPE = NONE for ddr4_dq[27]. (constraint file  c:/Users/Anon/Dropbox/projects/UAH/S2019/CPE526/project/CustomController/CustomController.srcs/sources_1/ip/ddr4_phy_0/ddr4_phy_0/ddr4_phy_0_in_context.xdc, line 111).
Applied set_property IO_BUFFER_TYPE = NONE for ddr4_dq[28]. (constraint file  c:/Users/Anon/Dropbox/projects/UAH/S2019/CPE526/project/CustomController/CustomController.srcs/sources_1/ip/ddr4_phy_0/ddr4_phy_0/ddr4_phy_0_in_context.xdc, line 112).
Applied set_property CLOCK_BUFFER_TYPE = NONE for ddr4_dq[28]. (constraint file  c:/Users/Anon/Dropbox/projects/UAH/S2019/CPE526/project/CustomController/CustomController.srcs/sources_1/ip/ddr4_phy_0/ddr4_phy_0/ddr4_phy_0_in_context.xdc, line 113).
Applied set_property IO_BUFFER_TYPE = NONE for ddr4_dq[29]. (constraint file  c:/Users/Anon/Dropbox/projects/UAH/S2019/CPE526/project/CustomController/CustomController.srcs/sources_1/ip/ddr4_phy_0/ddr4_phy_0/ddr4_phy_0_in_context.xdc, line 114).
Applied set_property CLOCK_BUFFER_TYPE = NONE for ddr4_dq[29]. (constraint file  c:/Users/Anon/Dropbox/projects/UAH/S2019/CPE526/project/CustomController/CustomController.srcs/sources_1/ip/ddr4_phy_0/ddr4_phy_0/ddr4_phy_0_in_context.xdc, line 115).
Applied set_property IO_BUFFER_TYPE = NONE for ddr4_dq[2]. (constraint file  c:/Users/Anon/Dropbox/projects/UAH/S2019/CPE526/project/CustomController/CustomController.srcs/sources_1/ip/ddr4_phy_0/ddr4_phy_0/ddr4_phy_0_in_context.xdc, line 116).
Applied set_property CLOCK_BUFFER_TYPE = NONE for ddr4_dq[2]. (constraint file  c:/Users/Anon/Dropbox/projects/UAH/S2019/CPE526/project/CustomController/CustomController.srcs/sources_1/ip/ddr4_phy_0/ddr4_phy_0/ddr4_phy_0_in_context.xdc, line 117).
Applied set_property IO_BUFFER_TYPE = NONE for ddr4_dq[30]. (constraint file  c:/Users/Anon/Dropbox/projects/UAH/S2019/CPE526/project/CustomController/CustomController.srcs/sources_1/ip/ddr4_phy_0/ddr4_phy_0/ddr4_phy_0_in_context.xdc, line 118).
Applied set_property CLOCK_BUFFER_TYPE = NONE for ddr4_dq[30]. (constraint file  c:/Users/Anon/Dropbox/projects/UAH/S2019/CPE526/project/CustomController/CustomController.srcs/sources_1/ip/ddr4_phy_0/ddr4_phy_0/ddr4_phy_0_in_context.xdc, line 119).
Applied set_property IO_BUFFER_TYPE = NONE for ddr4_dq[31]. (constraint file  c:/Users/Anon/Dropbox/projects/UAH/S2019/CPE526/project/CustomController/CustomController.srcs/sources_1/ip/ddr4_phy_0/ddr4_phy_0/ddr4_phy_0_in_context.xdc, line 120).
Applied set_property CLOCK_BUFFER_TYPE = NONE for ddr4_dq[31]. (constraint file  c:/Users/Anon/Dropbox/projects/UAH/S2019/CPE526/project/CustomController/CustomController.srcs/sources_1/ip/ddr4_phy_0/ddr4_phy_0/ddr4_phy_0_in_context.xdc, line 121).
Applied set_property IO_BUFFER_TYPE = NONE for ddr4_dq[32]. (constraint file  c:/Users/Anon/Dropbox/projects/UAH/S2019/CPE526/project/CustomController/CustomController.srcs/sources_1/ip/ddr4_phy_0/ddr4_phy_0/ddr4_phy_0_in_context.xdc, line 122).
Applied set_property CLOCK_BUFFER_TYPE = NONE for ddr4_dq[32]. (constraint file  c:/Users/Anon/Dropbox/projects/UAH/S2019/CPE526/project/CustomController/CustomController.srcs/sources_1/ip/ddr4_phy_0/ddr4_phy_0/ddr4_phy_0_in_context.xdc, line 123).
Applied set_property IO_BUFFER_TYPE = NONE for ddr4_dq[33]. (constraint file  c:/Users/Anon/Dropbox/projects/UAH/S2019/CPE526/project/CustomController/CustomController.srcs/sources_1/ip/ddr4_phy_0/ddr4_phy_0/ddr4_phy_0_in_context.xdc, line 124).
Applied set_property CLOCK_BUFFER_TYPE = NONE for ddr4_dq[33]. (constraint file  c:/Users/Anon/Dropbox/projects/UAH/S2019/CPE526/project/CustomController/CustomController.srcs/sources_1/ip/ddr4_phy_0/ddr4_phy_0/ddr4_phy_0_in_context.xdc, line 125).
Applied set_property IO_BUFFER_TYPE = NONE for ddr4_dq[34]. (constraint file  c:/Users/Anon/Dropbox/projects/UAH/S2019/CPE526/project/CustomController/CustomController.srcs/sources_1/ip/ddr4_phy_0/ddr4_phy_0/ddr4_phy_0_in_context.xdc, line 126).
Applied set_property CLOCK_BUFFER_TYPE = NONE for ddr4_dq[34]. (constraint file  c:/Users/Anon/Dropbox/projects/UAH/S2019/CPE526/project/CustomController/CustomController.srcs/sources_1/ip/ddr4_phy_0/ddr4_phy_0/ddr4_phy_0_in_context.xdc, line 127).
Applied set_property IO_BUFFER_TYPE = NONE for ddr4_dq[35]. (constraint file  c:/Users/Anon/Dropbox/projects/UAH/S2019/CPE526/project/CustomController/CustomController.srcs/sources_1/ip/ddr4_phy_0/ddr4_phy_0/ddr4_phy_0_in_context.xdc, line 128).
Applied set_property CLOCK_BUFFER_TYPE = NONE for ddr4_dq[35]. (constraint file  c:/Users/Anon/Dropbox/projects/UAH/S2019/CPE526/project/CustomController/CustomController.srcs/sources_1/ip/ddr4_phy_0/ddr4_phy_0/ddr4_phy_0_in_context.xdc, line 129).
Applied set_property IO_BUFFER_TYPE = NONE for ddr4_dq[36]. (constraint file  c:/Users/Anon/Dropbox/projects/UAH/S2019/CPE526/project/CustomController/CustomController.srcs/sources_1/ip/ddr4_phy_0/ddr4_phy_0/ddr4_phy_0_in_context.xdc, line 130).
Applied set_property CLOCK_BUFFER_TYPE = NONE for ddr4_dq[36]. (constraint file  c:/Users/Anon/Dropbox/projects/UAH/S2019/CPE526/project/CustomController/CustomController.srcs/sources_1/ip/ddr4_phy_0/ddr4_phy_0/ddr4_phy_0_in_context.xdc, line 131).
Applied set_property IO_BUFFER_TYPE = NONE for ddr4_dq[37]. (constraint file  c:/Users/Anon/Dropbox/projects/UAH/S2019/CPE526/project/CustomController/CustomController.srcs/sources_1/ip/ddr4_phy_0/ddr4_phy_0/ddr4_phy_0_in_context.xdc, line 132).
Applied set_property CLOCK_BUFFER_TYPE = NONE for ddr4_dq[37]. (constraint file  c:/Users/Anon/Dropbox/projects/UAH/S2019/CPE526/project/CustomController/CustomController.srcs/sources_1/ip/ddr4_phy_0/ddr4_phy_0/ddr4_phy_0_in_context.xdc, line 133).
Applied set_property IO_BUFFER_TYPE = NONE for ddr4_dq[38]. (constraint file  c:/Users/Anon/Dropbox/projects/UAH/S2019/CPE526/project/CustomController/CustomController.srcs/sources_1/ip/ddr4_phy_0/ddr4_phy_0/ddr4_phy_0_in_context.xdc, line 134).
Applied set_property CLOCK_BUFFER_TYPE = NONE for ddr4_dq[38]. (constraint file  c:/Users/Anon/Dropbox/projects/UAH/S2019/CPE526/project/CustomController/CustomController.srcs/sources_1/ip/ddr4_phy_0/ddr4_phy_0/ddr4_phy_0_in_context.xdc, line 135).
Applied set_property IO_BUFFER_TYPE = NONE for ddr4_dq[39]. (constraint file  c:/Users/Anon/Dropbox/projects/UAH/S2019/CPE526/project/CustomController/CustomController.srcs/sources_1/ip/ddr4_phy_0/ddr4_phy_0/ddr4_phy_0_in_context.xdc, line 136).
Applied set_property CLOCK_BUFFER_TYPE = NONE for ddr4_dq[39]. (constraint file  c:/Users/Anon/Dropbox/projects/UAH/S2019/CPE526/project/CustomController/CustomController.srcs/sources_1/ip/ddr4_phy_0/ddr4_phy_0/ddr4_phy_0_in_context.xdc, line 137).
Applied set_property IO_BUFFER_TYPE = NONE for ddr4_dq[3]. (constraint file  c:/Users/Anon/Dropbox/projects/UAH/S2019/CPE526/project/CustomController/CustomController.srcs/sources_1/ip/ddr4_phy_0/ddr4_phy_0/ddr4_phy_0_in_context.xdc, line 138).
Applied set_property CLOCK_BUFFER_TYPE = NONE for ddr4_dq[3]. (constraint file  c:/Users/Anon/Dropbox/projects/UAH/S2019/CPE526/project/CustomController/CustomController.srcs/sources_1/ip/ddr4_phy_0/ddr4_phy_0/ddr4_phy_0_in_context.xdc, line 139).
Applied set_property IO_BUFFER_TYPE = NONE for ddr4_dq[40]. (constraint file  c:/Users/Anon/Dropbox/projects/UAH/S2019/CPE526/project/CustomController/CustomController.srcs/sources_1/ip/ddr4_phy_0/ddr4_phy_0/ddr4_phy_0_in_context.xdc, line 140).
Applied set_property CLOCK_BUFFER_TYPE = NONE for ddr4_dq[40]. (constraint file  c:/Users/Anon/Dropbox/projects/UAH/S2019/CPE526/project/CustomController/CustomController.srcs/sources_1/ip/ddr4_phy_0/ddr4_phy_0/ddr4_phy_0_in_context.xdc, line 141).
Applied set_property IO_BUFFER_TYPE = NONE for ddr4_dq[41]. (constraint file  c:/Users/Anon/Dropbox/projects/UAH/S2019/CPE526/project/CustomController/CustomController.srcs/sources_1/ip/ddr4_phy_0/ddr4_phy_0/ddr4_phy_0_in_context.xdc, line 142).
Applied set_property CLOCK_BUFFER_TYPE = NONE for ddr4_dq[41]. (constraint file  c:/Users/Anon/Dropbox/projects/UAH/S2019/CPE526/project/CustomController/CustomController.srcs/sources_1/ip/ddr4_phy_0/ddr4_phy_0/ddr4_phy_0_in_context.xdc, line 143).
Applied set_property IO_BUFFER_TYPE = NONE for ddr4_dq[42]. (constraint file  c:/Users/Anon/Dropbox/projects/UAH/S2019/CPE526/project/CustomController/CustomController.srcs/sources_1/ip/ddr4_phy_0/ddr4_phy_0/ddr4_phy_0_in_context.xdc, line 144).
Applied set_property CLOCK_BUFFER_TYPE = NONE for ddr4_dq[42]. (constraint file  c:/Users/Anon/Dropbox/projects/UAH/S2019/CPE526/project/CustomController/CustomController.srcs/sources_1/ip/ddr4_phy_0/ddr4_phy_0/ddr4_phy_0_in_context.xdc, line 145).
Applied set_property IO_BUFFER_TYPE = NONE for ddr4_dq[43]. (constraint file  c:/Users/Anon/Dropbox/projects/UAH/S2019/CPE526/project/CustomController/CustomController.srcs/sources_1/ip/ddr4_phy_0/ddr4_phy_0/ddr4_phy_0_in_context.xdc, line 146).
Applied set_property CLOCK_BUFFER_TYPE = NONE for ddr4_dq[43]. (constraint file  c:/Users/Anon/Dropbox/projects/UAH/S2019/CPE526/project/CustomController/CustomController.srcs/sources_1/ip/ddr4_phy_0/ddr4_phy_0/ddr4_phy_0_in_context.xdc, line 147).
Applied set_property IO_BUFFER_TYPE = NONE for ddr4_dq[44]. (constraint file  c:/Users/Anon/Dropbox/projects/UAH/S2019/CPE526/project/CustomController/CustomController.srcs/sources_1/ip/ddr4_phy_0/ddr4_phy_0/ddr4_phy_0_in_context.xdc, line 148).
Applied set_property CLOCK_BUFFER_TYPE = NONE for ddr4_dq[44]. (constraint file  c:/Users/Anon/Dropbox/projects/UAH/S2019/CPE526/project/CustomController/CustomController.srcs/sources_1/ip/ddr4_phy_0/ddr4_phy_0/ddr4_phy_0_in_context.xdc, line 149).
Applied set_property IO_BUFFER_TYPE = NONE for ddr4_dq[45]. (constraint file  c:/Users/Anon/Dropbox/projects/UAH/S2019/CPE526/project/CustomController/CustomController.srcs/sources_1/ip/ddr4_phy_0/ddr4_phy_0/ddr4_phy_0_in_context.xdc, line 150).
Applied set_property CLOCK_BUFFER_TYPE = NONE for ddr4_dq[45]. (constraint file  c:/Users/Anon/Dropbox/projects/UAH/S2019/CPE526/project/CustomController/CustomController.srcs/sources_1/ip/ddr4_phy_0/ddr4_phy_0/ddr4_phy_0_in_context.xdc, line 151).
Applied set_property IO_BUFFER_TYPE = NONE for ddr4_dq[46]. (constraint file  c:/Users/Anon/Dropbox/projects/UAH/S2019/CPE526/project/CustomController/CustomController.srcs/sources_1/ip/ddr4_phy_0/ddr4_phy_0/ddr4_phy_0_in_context.xdc, line 152).
Applied set_property CLOCK_BUFFER_TYPE = NONE for ddr4_dq[46]. (constraint file  c:/Users/Anon/Dropbox/projects/UAH/S2019/CPE526/project/CustomController/CustomController.srcs/sources_1/ip/ddr4_phy_0/ddr4_phy_0/ddr4_phy_0_in_context.xdc, line 153).
Applied set_property IO_BUFFER_TYPE = NONE for ddr4_dq[47]. (constraint file  c:/Users/Anon/Dropbox/projects/UAH/S2019/CPE526/project/CustomController/CustomController.srcs/sources_1/ip/ddr4_phy_0/ddr4_phy_0/ddr4_phy_0_in_context.xdc, line 154).
Applied set_property CLOCK_BUFFER_TYPE = NONE for ddr4_dq[47]. (constraint file  c:/Users/Anon/Dropbox/projects/UAH/S2019/CPE526/project/CustomController/CustomController.srcs/sources_1/ip/ddr4_phy_0/ddr4_phy_0/ddr4_phy_0_in_context.xdc, line 155).
Applied set_property IO_BUFFER_TYPE = NONE for ddr4_dq[48]. (constraint file  c:/Users/Anon/Dropbox/projects/UAH/S2019/CPE526/project/CustomController/CustomController.srcs/sources_1/ip/ddr4_phy_0/ddr4_phy_0/ddr4_phy_0_in_context.xdc, line 156).
Applied set_property CLOCK_BUFFER_TYPE = NONE for ddr4_dq[48]. (constraint file  c:/Users/Anon/Dropbox/projects/UAH/S2019/CPE526/project/CustomController/CustomController.srcs/sources_1/ip/ddr4_phy_0/ddr4_phy_0/ddr4_phy_0_in_context.xdc, line 157).
Applied set_property IO_BUFFER_TYPE = NONE for ddr4_dq[49]. (constraint file  c:/Users/Anon/Dropbox/projects/UAH/S2019/CPE526/project/CustomController/CustomController.srcs/sources_1/ip/ddr4_phy_0/ddr4_phy_0/ddr4_phy_0_in_context.xdc, line 158).
Applied set_property CLOCK_BUFFER_TYPE = NONE for ddr4_dq[49]. (constraint file  c:/Users/Anon/Dropbox/projects/UAH/S2019/CPE526/project/CustomController/CustomController.srcs/sources_1/ip/ddr4_phy_0/ddr4_phy_0/ddr4_phy_0_in_context.xdc, line 159).
Applied set_property IO_BUFFER_TYPE = NONE for ddr4_dq[4]. (constraint file  c:/Users/Anon/Dropbox/projects/UAH/S2019/CPE526/project/CustomController/CustomController.srcs/sources_1/ip/ddr4_phy_0/ddr4_phy_0/ddr4_phy_0_in_context.xdc, line 160).
Applied set_property CLOCK_BUFFER_TYPE = NONE for ddr4_dq[4]. (constraint file  c:/Users/Anon/Dropbox/projects/UAH/S2019/CPE526/project/CustomController/CustomController.srcs/sources_1/ip/ddr4_phy_0/ddr4_phy_0/ddr4_phy_0_in_context.xdc, line 161).
Applied set_property IO_BUFFER_TYPE = NONE for ddr4_dq[50]. (constraint file  c:/Users/Anon/Dropbox/projects/UAH/S2019/CPE526/project/CustomController/CustomController.srcs/sources_1/ip/ddr4_phy_0/ddr4_phy_0/ddr4_phy_0_in_context.xdc, line 162).
Applied set_property CLOCK_BUFFER_TYPE = NONE for ddr4_dq[50]. (constraint file  c:/Users/Anon/Dropbox/projects/UAH/S2019/CPE526/project/CustomController/CustomController.srcs/sources_1/ip/ddr4_phy_0/ddr4_phy_0/ddr4_phy_0_in_context.xdc, line 163).
Applied set_property IO_BUFFER_TYPE = NONE for ddr4_dq[51]. (constraint file  c:/Users/Anon/Dropbox/projects/UAH/S2019/CPE526/project/CustomController/CustomController.srcs/sources_1/ip/ddr4_phy_0/ddr4_phy_0/ddr4_phy_0_in_context.xdc, line 164).
Applied set_property CLOCK_BUFFER_TYPE = NONE for ddr4_dq[51]. (constraint file  c:/Users/Anon/Dropbox/projects/UAH/S2019/CPE526/project/CustomController/CustomController.srcs/sources_1/ip/ddr4_phy_0/ddr4_phy_0/ddr4_phy_0_in_context.xdc, line 165).
Applied set_property IO_BUFFER_TYPE = NONE for ddr4_dq[52]. (constraint file  c:/Users/Anon/Dropbox/projects/UAH/S2019/CPE526/project/CustomController/CustomController.srcs/sources_1/ip/ddr4_phy_0/ddr4_phy_0/ddr4_phy_0_in_context.xdc, line 166).
Applied set_property CLOCK_BUFFER_TYPE = NONE for ddr4_dq[52]. (constraint file  c:/Users/Anon/Dropbox/projects/UAH/S2019/CPE526/project/CustomController/CustomController.srcs/sources_1/ip/ddr4_phy_0/ddr4_phy_0/ddr4_phy_0_in_context.xdc, line 167).
Applied set_property IO_BUFFER_TYPE = NONE for ddr4_dq[53]. (constraint file  c:/Users/Anon/Dropbox/projects/UAH/S2019/CPE526/project/CustomController/CustomController.srcs/sources_1/ip/ddr4_phy_0/ddr4_phy_0/ddr4_phy_0_in_context.xdc, line 168).
Applied set_property CLOCK_BUFFER_TYPE = NONE for ddr4_dq[53]. (constraint file  c:/Users/Anon/Dropbox/projects/UAH/S2019/CPE526/project/CustomController/CustomController.srcs/sources_1/ip/ddr4_phy_0/ddr4_phy_0/ddr4_phy_0_in_context.xdc, line 169).
Applied set_property IO_BUFFER_TYPE = NONE for ddr4_dq[54]. (constraint file  c:/Users/Anon/Dropbox/projects/UAH/S2019/CPE526/project/CustomController/CustomController.srcs/sources_1/ip/ddr4_phy_0/ddr4_phy_0/ddr4_phy_0_in_context.xdc, line 170).
Applied set_property CLOCK_BUFFER_TYPE = NONE for ddr4_dq[54]. (constraint file  c:/Users/Anon/Dropbox/projects/UAH/S2019/CPE526/project/CustomController/CustomController.srcs/sources_1/ip/ddr4_phy_0/ddr4_phy_0/ddr4_phy_0_in_context.xdc, line 171).
Applied set_property IO_BUFFER_TYPE = NONE for ddr4_dq[55]. (constraint file  c:/Users/Anon/Dropbox/projects/UAH/S2019/CPE526/project/CustomController/CustomController.srcs/sources_1/ip/ddr4_phy_0/ddr4_phy_0/ddr4_phy_0_in_context.xdc, line 172).
Applied set_property CLOCK_BUFFER_TYPE = NONE for ddr4_dq[55]. (constraint file  c:/Users/Anon/Dropbox/projects/UAH/S2019/CPE526/project/CustomController/CustomController.srcs/sources_1/ip/ddr4_phy_0/ddr4_phy_0/ddr4_phy_0_in_context.xdc, line 173).
Applied set_property IO_BUFFER_TYPE = NONE for ddr4_dq[56]. (constraint file  c:/Users/Anon/Dropbox/projects/UAH/S2019/CPE526/project/CustomController/CustomController.srcs/sources_1/ip/ddr4_phy_0/ddr4_phy_0/ddr4_phy_0_in_context.xdc, line 174).
Applied set_property CLOCK_BUFFER_TYPE = NONE for ddr4_dq[56]. (constraint file  c:/Users/Anon/Dropbox/projects/UAH/S2019/CPE526/project/CustomController/CustomController.srcs/sources_1/ip/ddr4_phy_0/ddr4_phy_0/ddr4_phy_0_in_context.xdc, line 175).
Applied set_property IO_BUFFER_TYPE = NONE for ddr4_dq[57]. (constraint file  c:/Users/Anon/Dropbox/projects/UAH/S2019/CPE526/project/CustomController/CustomController.srcs/sources_1/ip/ddr4_phy_0/ddr4_phy_0/ddr4_phy_0_in_context.xdc, line 176).
Applied set_property CLOCK_BUFFER_TYPE = NONE for ddr4_dq[57]. (constraint file  c:/Users/Anon/Dropbox/projects/UAH/S2019/CPE526/project/CustomController/CustomController.srcs/sources_1/ip/ddr4_phy_0/ddr4_phy_0/ddr4_phy_0_in_context.xdc, line 177).
Applied set_property IO_BUFFER_TYPE = NONE for ddr4_dq[58]. (constraint file  c:/Users/Anon/Dropbox/projects/UAH/S2019/CPE526/project/CustomController/CustomController.srcs/sources_1/ip/ddr4_phy_0/ddr4_phy_0/ddr4_phy_0_in_context.xdc, line 178).
Applied set_property CLOCK_BUFFER_TYPE = NONE for ddr4_dq[58]. (constraint file  c:/Users/Anon/Dropbox/projects/UAH/S2019/CPE526/project/CustomController/CustomController.srcs/sources_1/ip/ddr4_phy_0/ddr4_phy_0/ddr4_phy_0_in_context.xdc, line 179).
Applied set_property IO_BUFFER_TYPE = NONE for ddr4_dq[59]. (constraint file  c:/Users/Anon/Dropbox/projects/UAH/S2019/CPE526/project/CustomController/CustomController.srcs/sources_1/ip/ddr4_phy_0/ddr4_phy_0/ddr4_phy_0_in_context.xdc, line 180).
Applied set_property CLOCK_BUFFER_TYPE = NONE for ddr4_dq[59]. (constraint file  c:/Users/Anon/Dropbox/projects/UAH/S2019/CPE526/project/CustomController/CustomController.srcs/sources_1/ip/ddr4_phy_0/ddr4_phy_0/ddr4_phy_0_in_context.xdc, line 181).
Applied set_property IO_BUFFER_TYPE = NONE for ddr4_dq[5]. (constraint file  c:/Users/Anon/Dropbox/projects/UAH/S2019/CPE526/project/CustomController/CustomController.srcs/sources_1/ip/ddr4_phy_0/ddr4_phy_0/ddr4_phy_0_in_context.xdc, line 182).
Applied set_property CLOCK_BUFFER_TYPE = NONE for ddr4_dq[5]. (constraint file  c:/Users/Anon/Dropbox/projects/UAH/S2019/CPE526/project/CustomController/CustomController.srcs/sources_1/ip/ddr4_phy_0/ddr4_phy_0/ddr4_phy_0_in_context.xdc, line 183).
Applied set_property IO_BUFFER_TYPE = NONE for ddr4_dq[60]. (constraint file  c:/Users/Anon/Dropbox/projects/UAH/S2019/CPE526/project/CustomController/CustomController.srcs/sources_1/ip/ddr4_phy_0/ddr4_phy_0/ddr4_phy_0_in_context.xdc, line 184).
Applied set_property CLOCK_BUFFER_TYPE = NONE for ddr4_dq[60]. (constraint file  c:/Users/Anon/Dropbox/projects/UAH/S2019/CPE526/project/CustomController/CustomController.srcs/sources_1/ip/ddr4_phy_0/ddr4_phy_0/ddr4_phy_0_in_context.xdc, line 185).
Applied set_property IO_BUFFER_TYPE = NONE for ddr4_dq[61]. (constraint file  c:/Users/Anon/Dropbox/projects/UAH/S2019/CPE526/project/CustomController/CustomController.srcs/sources_1/ip/ddr4_phy_0/ddr4_phy_0/ddr4_phy_0_in_context.xdc, line 186).
Applied set_property CLOCK_BUFFER_TYPE = NONE for ddr4_dq[61]. (constraint file  c:/Users/Anon/Dropbox/projects/UAH/S2019/CPE526/project/CustomController/CustomController.srcs/sources_1/ip/ddr4_phy_0/ddr4_phy_0/ddr4_phy_0_in_context.xdc, line 187).
Applied set_property IO_BUFFER_TYPE = NONE for ddr4_dq[62]. (constraint file  c:/Users/Anon/Dropbox/projects/UAH/S2019/CPE526/project/CustomController/CustomController.srcs/sources_1/ip/ddr4_phy_0/ddr4_phy_0/ddr4_phy_0_in_context.xdc, line 188).
Applied set_property CLOCK_BUFFER_TYPE = NONE for ddr4_dq[62]. (constraint file  c:/Users/Anon/Dropbox/projects/UAH/S2019/CPE526/project/CustomController/CustomController.srcs/sources_1/ip/ddr4_phy_0/ddr4_phy_0/ddr4_phy_0_in_context.xdc, line 189).
Applied set_property IO_BUFFER_TYPE = NONE for ddr4_dq[63]. (constraint file  c:/Users/Anon/Dropbox/projects/UAH/S2019/CPE526/project/CustomController/CustomController.srcs/sources_1/ip/ddr4_phy_0/ddr4_phy_0/ddr4_phy_0_in_context.xdc, line 190).
Applied set_property CLOCK_BUFFER_TYPE = NONE for ddr4_dq[63]. (constraint file  c:/Users/Anon/Dropbox/projects/UAH/S2019/CPE526/project/CustomController/CustomController.srcs/sources_1/ip/ddr4_phy_0/ddr4_phy_0/ddr4_phy_0_in_context.xdc, line 191).
Applied set_property IO_BUFFER_TYPE = NONE for ddr4_dq[6]. (constraint file  c:/Users/Anon/Dropbox/projects/UAH/S2019/CPE526/project/CustomController/CustomController.srcs/sources_1/ip/ddr4_phy_0/ddr4_phy_0/ddr4_phy_0_in_context.xdc, line 192).
Applied set_property CLOCK_BUFFER_TYPE = NONE for ddr4_dq[6]. (constraint file  c:/Users/Anon/Dropbox/projects/UAH/S2019/CPE526/project/CustomController/CustomController.srcs/sources_1/ip/ddr4_phy_0/ddr4_phy_0/ddr4_phy_0_in_context.xdc, line 193).
Applied set_property IO_BUFFER_TYPE = NONE for ddr4_dq[7]. (constraint file  c:/Users/Anon/Dropbox/projects/UAH/S2019/CPE526/project/CustomController/CustomController.srcs/sources_1/ip/ddr4_phy_0/ddr4_phy_0/ddr4_phy_0_in_context.xdc, line 194).
Applied set_property CLOCK_BUFFER_TYPE = NONE for ddr4_dq[7]. (constraint file  c:/Users/Anon/Dropbox/projects/UAH/S2019/CPE526/project/CustomController/CustomController.srcs/sources_1/ip/ddr4_phy_0/ddr4_phy_0/ddr4_phy_0_in_context.xdc, line 195).
Applied set_property IO_BUFFER_TYPE = NONE for ddr4_dq[8]. (constraint file  c:/Users/Anon/Dropbox/projects/UAH/S2019/CPE526/project/CustomController/CustomController.srcs/sources_1/ip/ddr4_phy_0/ddr4_phy_0/ddr4_phy_0_in_context.xdc, line 196).
Applied set_property CLOCK_BUFFER_TYPE = NONE for ddr4_dq[8]. (constraint file  c:/Users/Anon/Dropbox/projects/UAH/S2019/CPE526/project/CustomController/CustomController.srcs/sources_1/ip/ddr4_phy_0/ddr4_phy_0/ddr4_phy_0_in_context.xdc, line 197).
Applied set_property IO_BUFFER_TYPE = NONE for ddr4_dq[9]. (constraint file  c:/Users/Anon/Dropbox/projects/UAH/S2019/CPE526/project/CustomController/CustomController.srcs/sources_1/ip/ddr4_phy_0/ddr4_phy_0/ddr4_phy_0_in_context.xdc, line 198).
Applied set_property CLOCK_BUFFER_TYPE = NONE for ddr4_dq[9]. (constraint file  c:/Users/Anon/Dropbox/projects/UAH/S2019/CPE526/project/CustomController/CustomController.srcs/sources_1/ip/ddr4_phy_0/ddr4_phy_0/ddr4_phy_0_in_context.xdc, line 199).
Applied set_property IO_BUFFER_TYPE = NONE for ddr4_dqs_c[0]. (constraint file  c:/Users/Anon/Dropbox/projects/UAH/S2019/CPE526/project/CustomController/CustomController.srcs/sources_1/ip/ddr4_phy_0/ddr4_phy_0/ddr4_phy_0_in_context.xdc, line 200).
Applied set_property CLOCK_BUFFER_TYPE = NONE for ddr4_dqs_c[0]. (constraint file  c:/Users/Anon/Dropbox/projects/UAH/S2019/CPE526/project/CustomController/CustomController.srcs/sources_1/ip/ddr4_phy_0/ddr4_phy_0/ddr4_phy_0_in_context.xdc, line 201).
Applied set_property IO_BUFFER_TYPE = NONE for ddr4_dqs_c[1]. (constraint file  c:/Users/Anon/Dropbox/projects/UAH/S2019/CPE526/project/CustomController/CustomController.srcs/sources_1/ip/ddr4_phy_0/ddr4_phy_0/ddr4_phy_0_in_context.xdc, line 202).
Applied set_property CLOCK_BUFFER_TYPE = NONE for ddr4_dqs_c[1]. (constraint file  c:/Users/Anon/Dropbox/projects/UAH/S2019/CPE526/project/CustomController/CustomController.srcs/sources_1/ip/ddr4_phy_0/ddr4_phy_0/ddr4_phy_0_in_context.xdc, line 203).
Applied set_property IO_BUFFER_TYPE = NONE for ddr4_dqs_c[2]. (constraint file  c:/Users/Anon/Dropbox/projects/UAH/S2019/CPE526/project/CustomController/CustomController.srcs/sources_1/ip/ddr4_phy_0/ddr4_phy_0/ddr4_phy_0_in_context.xdc, line 204).
Applied set_property CLOCK_BUFFER_TYPE = NONE for ddr4_dqs_c[2]. (constraint file  c:/Users/Anon/Dropbox/projects/UAH/S2019/CPE526/project/CustomController/CustomController.srcs/sources_1/ip/ddr4_phy_0/ddr4_phy_0/ddr4_phy_0_in_context.xdc, line 205).
Applied set_property IO_BUFFER_TYPE = NONE for ddr4_dqs_c[3]. (constraint file  c:/Users/Anon/Dropbox/projects/UAH/S2019/CPE526/project/CustomController/CustomController.srcs/sources_1/ip/ddr4_phy_0/ddr4_phy_0/ddr4_phy_0_in_context.xdc, line 206).
Applied set_property CLOCK_BUFFER_TYPE = NONE for ddr4_dqs_c[3]. (constraint file  c:/Users/Anon/Dropbox/projects/UAH/S2019/CPE526/project/CustomController/CustomController.srcs/sources_1/ip/ddr4_phy_0/ddr4_phy_0/ddr4_phy_0_in_context.xdc, line 207).
Applied set_property IO_BUFFER_TYPE = NONE for ddr4_dqs_c[4]. (constraint file  c:/Users/Anon/Dropbox/projects/UAH/S2019/CPE526/project/CustomController/CustomController.srcs/sources_1/ip/ddr4_phy_0/ddr4_phy_0/ddr4_phy_0_in_context.xdc, line 208).
Applied set_property CLOCK_BUFFER_TYPE = NONE for ddr4_dqs_c[4]. (constraint file  c:/Users/Anon/Dropbox/projects/UAH/S2019/CPE526/project/CustomController/CustomController.srcs/sources_1/ip/ddr4_phy_0/ddr4_phy_0/ddr4_phy_0_in_context.xdc, line 209).
Applied set_property IO_BUFFER_TYPE = NONE for ddr4_dqs_c[5]. (constraint file  c:/Users/Anon/Dropbox/projects/UAH/S2019/CPE526/project/CustomController/CustomController.srcs/sources_1/ip/ddr4_phy_0/ddr4_phy_0/ddr4_phy_0_in_context.xdc, line 210).
Applied set_property CLOCK_BUFFER_TYPE = NONE for ddr4_dqs_c[5]. (constraint file  c:/Users/Anon/Dropbox/projects/UAH/S2019/CPE526/project/CustomController/CustomController.srcs/sources_1/ip/ddr4_phy_0/ddr4_phy_0/ddr4_phy_0_in_context.xdc, line 211).
Applied set_property IO_BUFFER_TYPE = NONE for ddr4_dqs_c[6]. (constraint file  c:/Users/Anon/Dropbox/projects/UAH/S2019/CPE526/project/CustomController/CustomController.srcs/sources_1/ip/ddr4_phy_0/ddr4_phy_0/ddr4_phy_0_in_context.xdc, line 212).
Applied set_property CLOCK_BUFFER_TYPE = NONE for ddr4_dqs_c[6]. (constraint file  c:/Users/Anon/Dropbox/projects/UAH/S2019/CPE526/project/CustomController/CustomController.srcs/sources_1/ip/ddr4_phy_0/ddr4_phy_0/ddr4_phy_0_in_context.xdc, line 213).
Applied set_property IO_BUFFER_TYPE = NONE for ddr4_dqs_c[7]. (constraint file  c:/Users/Anon/Dropbox/projects/UAH/S2019/CPE526/project/CustomController/CustomController.srcs/sources_1/ip/ddr4_phy_0/ddr4_phy_0/ddr4_phy_0_in_context.xdc, line 214).
Applied set_property CLOCK_BUFFER_TYPE = NONE for ddr4_dqs_c[7]. (constraint file  c:/Users/Anon/Dropbox/projects/UAH/S2019/CPE526/project/CustomController/CustomController.srcs/sources_1/ip/ddr4_phy_0/ddr4_phy_0/ddr4_phy_0_in_context.xdc, line 215).
Applied set_property IO_BUFFER_TYPE = NONE for ddr4_dqs_t[0]. (constraint file  c:/Users/Anon/Dropbox/projects/UAH/S2019/CPE526/project/CustomController/CustomController.srcs/sources_1/ip/ddr4_phy_0/ddr4_phy_0/ddr4_phy_0_in_context.xdc, line 216).
Applied set_property CLOCK_BUFFER_TYPE = NONE for ddr4_dqs_t[0]. (constraint file  c:/Users/Anon/Dropbox/projects/UAH/S2019/CPE526/project/CustomController/CustomController.srcs/sources_1/ip/ddr4_phy_0/ddr4_phy_0/ddr4_phy_0_in_context.xdc, line 217).
Applied set_property IO_BUFFER_TYPE = NONE for ddr4_dqs_t[1]. (constraint file  c:/Users/Anon/Dropbox/projects/UAH/S2019/CPE526/project/CustomController/CustomController.srcs/sources_1/ip/ddr4_phy_0/ddr4_phy_0/ddr4_phy_0_in_context.xdc, line 218).
Applied set_property CLOCK_BUFFER_TYPE = NONE for ddr4_dqs_t[1]. (constraint file  c:/Users/Anon/Dropbox/projects/UAH/S2019/CPE526/project/CustomController/CustomController.srcs/sources_1/ip/ddr4_phy_0/ddr4_phy_0/ddr4_phy_0_in_context.xdc, line 219).
Applied set_property IO_BUFFER_TYPE = NONE for ddr4_dqs_t[2]. (constraint file  c:/Users/Anon/Dropbox/projects/UAH/S2019/CPE526/project/CustomController/CustomController.srcs/sources_1/ip/ddr4_phy_0/ddr4_phy_0/ddr4_phy_0_in_context.xdc, line 220).
Applied set_property CLOCK_BUFFER_TYPE = NONE for ddr4_dqs_t[2]. (constraint file  c:/Users/Anon/Dropbox/projects/UAH/S2019/CPE526/project/CustomController/CustomController.srcs/sources_1/ip/ddr4_phy_0/ddr4_phy_0/ddr4_phy_0_in_context.xdc, line 221).
Applied set_property IO_BUFFER_TYPE = NONE for ddr4_dqs_t[3]. (constraint file  c:/Users/Anon/Dropbox/projects/UAH/S2019/CPE526/project/CustomController/CustomController.srcs/sources_1/ip/ddr4_phy_0/ddr4_phy_0/ddr4_phy_0_in_context.xdc, line 222).
Applied set_property CLOCK_BUFFER_TYPE = NONE for ddr4_dqs_t[3]. (constraint file  c:/Users/Anon/Dropbox/projects/UAH/S2019/CPE526/project/CustomController/CustomController.srcs/sources_1/ip/ddr4_phy_0/ddr4_phy_0/ddr4_phy_0_in_context.xdc, line 223).
Applied set_property IO_BUFFER_TYPE = NONE for ddr4_dqs_t[4]. (constraint file  c:/Users/Anon/Dropbox/projects/UAH/S2019/CPE526/project/CustomController/CustomController.srcs/sources_1/ip/ddr4_phy_0/ddr4_phy_0/ddr4_phy_0_in_context.xdc, line 224).
Applied set_property CLOCK_BUFFER_TYPE = NONE for ddr4_dqs_t[4]. (constraint file  c:/Users/Anon/Dropbox/projects/UAH/S2019/CPE526/project/CustomController/CustomController.srcs/sources_1/ip/ddr4_phy_0/ddr4_phy_0/ddr4_phy_0_in_context.xdc, line 225).
Applied set_property IO_BUFFER_TYPE = NONE for ddr4_dqs_t[5]. (constraint file  c:/Users/Anon/Dropbox/projects/UAH/S2019/CPE526/project/CustomController/CustomController.srcs/sources_1/ip/ddr4_phy_0/ddr4_phy_0/ddr4_phy_0_in_context.xdc, line 226).
Applied set_property CLOCK_BUFFER_TYPE = NONE for ddr4_dqs_t[5]. (constraint file  c:/Users/Anon/Dropbox/projects/UAH/S2019/CPE526/project/CustomController/CustomController.srcs/sources_1/ip/ddr4_phy_0/ddr4_phy_0/ddr4_phy_0_in_context.xdc, line 227).
Applied set_property IO_BUFFER_TYPE = NONE for ddr4_dqs_t[6]. (constraint file  c:/Users/Anon/Dropbox/projects/UAH/S2019/CPE526/project/CustomController/CustomController.srcs/sources_1/ip/ddr4_phy_0/ddr4_phy_0/ddr4_phy_0_in_context.xdc, line 228).
Applied set_property CLOCK_BUFFER_TYPE = NONE for ddr4_dqs_t[6]. (constraint file  c:/Users/Anon/Dropbox/projects/UAH/S2019/CPE526/project/CustomController/CustomController.srcs/sources_1/ip/ddr4_phy_0/ddr4_phy_0/ddr4_phy_0_in_context.xdc, line 229).
Applied set_property IO_BUFFER_TYPE = NONE for ddr4_dqs_t[7]. (constraint file  c:/Users/Anon/Dropbox/projects/UAH/S2019/CPE526/project/CustomController/CustomController.srcs/sources_1/ip/ddr4_phy_0/ddr4_phy_0/ddr4_phy_0_in_context.xdc, line 230).
Applied set_property CLOCK_BUFFER_TYPE = NONE for ddr4_dqs_t[7]. (constraint file  c:/Users/Anon/Dropbox/projects/UAH/S2019/CPE526/project/CustomController/CustomController.srcs/sources_1/ip/ddr4_phy_0/ddr4_phy_0/ddr4_phy_0_in_context.xdc, line 231).
Applied set_property IO_BUFFER_TYPE = NONE for ddr4_odt[0]. (constraint file  c:/Users/Anon/Dropbox/projects/UAH/S2019/CPE526/project/CustomController/CustomController.srcs/sources_1/ip/ddr4_phy_0/ddr4_phy_0/ddr4_phy_0_in_context.xdc, line 232).
Applied set_property CLOCK_BUFFER_TYPE = NONE for ddr4_odt[0]. (constraint file  c:/Users/Anon/Dropbox/projects/UAH/S2019/CPE526/project/CustomController/CustomController.srcs/sources_1/ip/ddr4_phy_0/ddr4_phy_0/ddr4_phy_0_in_context.xdc, line 233).
Applied set_property IO_BUFFER_TYPE = NONE for ddr4_reset_n. (constraint file  c:/Users/Anon/Dropbox/projects/UAH/S2019/CPE526/project/CustomController/CustomController.srcs/sources_1/ip/ddr4_phy_0/ddr4_phy_0/ddr4_phy_0_in_context.xdc, line 234).
Applied set_property CLOCK_BUFFER_TYPE = NONE for ddr4_reset_n. (constraint file  c:/Users/Anon/Dropbox/projects/UAH/S2019/CPE526/project/CustomController/CustomController.srcs/sources_1/ip/ddr4_phy_0/ddr4_phy_0/ddr4_phy_0_in_context.xdc, line 235).
Applied set_property IO_BUFFER_TYPE = NONE for c0_sys_clk_n. (constraint file  c:/Users/Anon/Dropbox/projects/UAH/S2019/CPE526/project/CustomController/CustomController.srcs/sources_1/ip/ddr4_phy_0/ddr4_phy_0/ddr4_phy_0_in_context.xdc, line 236).
Applied set_property CLOCK_BUFFER_TYPE = NONE for c0_sys_clk_n. (constraint file  c:/Users/Anon/Dropbox/projects/UAH/S2019/CPE526/project/CustomController/CustomController.srcs/sources_1/ip/ddr4_phy_0/ddr4_phy_0/ddr4_phy_0_in_context.xdc, line 237).
Applied set_property IO_BUFFER_TYPE = NONE for c0_sys_clk_p. (constraint file  c:/Users/Anon/Dropbox/projects/UAH/S2019/CPE526/project/CustomController/CustomController.srcs/sources_1/ip/ddr4_phy_0/ddr4_phy_0/ddr4_phy_0_in_context.xdc, line 238).
Applied set_property CLOCK_BUFFER_TYPE = NONE for c0_sys_clk_p. (constraint file  c:/Users/Anon/Dropbox/projects/UAH/S2019/CPE526/project/CustomController/CustomController.srcs/sources_1/ip/ddr4_phy_0/ddr4_phy_0/ddr4_phy_0_in_context.xdc, line 239).
Applied set_property DONT_TOUCH = true for phy. (constraint file  auto generated constraint, line ).
---------------------------------------------------------------------------------
Finished applying 'set_property' XDC Constraints : Time (s): cpu = 00:00:20 ; elapsed = 00:00:24 . Memory (MB): peak = 1538.129 ; gain = 1249.266
---------------------------------------------------------------------------------
---------------------------------------------------------------------------------
Finished RTL Optimization Phase 2 : Time (s): cpu = 00:00:20 ; elapsed = 00:00:24 . Memory (MB): peak = 1538.129 ; gain = 1249.266
---------------------------------------------------------------------------------

Report RTL Partitions: 
+-+--------------+------------+----------+
| |RTL Partition |Replication |Instances |
+-+--------------+------------+----------+
+-+--------------+------------+----------+
---------------------------------------------------------------------------------
Start RTL Component Statistics 
---------------------------------------------------------------------------------
Detailed RTL Component Info : 
---------------------------------------------------------------------------------
Finished RTL Component Statistics 
---------------------------------------------------------------------------------
---------------------------------------------------------------------------------
Start RTL Hierarchical Component Statistics 
---------------------------------------------------------------------------------
Hierarchical RTL Component report 
---------------------------------------------------------------------------------
Finished RTL Hierarchical Component Statistics
---------------------------------------------------------------------------------
---------------------------------------------------------------------------------
Start Part Resource Summary
---------------------------------------------------------------------------------
Part Resources:
DSPs: 1728 (col length:144)
BRAMs: 624 (col length: RAMB18 144 RAMB36 72)
---------------------------------------------------------------------------------
Finished Part Resource Summary
---------------------------------------------------------------------------------
---------------------------------------------------------------------------------
Start Cross Boundary and Area Optimization
---------------------------------------------------------------------------------
Warning: Parallel synthesis criteria is not met 
WARNING: [Synth 8-3331] design Root has unconnected port ddr4_par
---------------------------------------------------------------------------------
Finished Cross Boundary and Area Optimization : Time (s): cpu = 00:00:21 ; elapsed = 00:00:26 . Memory (MB): peak = 1538.129 ; gain = 1249.266
---------------------------------------------------------------------------------

Report RTL Partitions: 
+-+--------------+------------+----------+
| |RTL Partition |Replication |Instances |
+-+--------------+------------+----------+
+-+--------------+------------+----------+
---------------------------------------------------------------------------------
Start Applying XDC Timing Constraints
---------------------------------------------------------------------------------
INFO: [Synth 8-5578] Moved timing constraint from pin 'phy/c0_ddr4_ui_clk' to pin 'phy/bbstub_c0_ddr4_ui_clk/O'
INFO: [Synth 8-5578] Moved timing constraint from pin 'phy/dbg_clk' to pin 'phy/bbstub_dbg_clk/O'
INFO: [Synth 8-5819] Moved 2 constraints on hierarchical pins to their respective driving/loading pins
---------------------------------------------------------------------------------
Finished Applying XDC Timing Constraints : Time (s): cpu = 00:00:34 ; elapsed = 00:00:43 . Memory (MB): peak = 1979.441 ; gain = 1690.578
---------------------------------------------------------------------------------
---------------------------------------------------------------------------------
Start Timing Optimization
---------------------------------------------------------------------------------
---------------------------------------------------------------------------------
Finished Timing Optimization : Time (s): cpu = 00:00:35 ; elapsed = 00:00:43 . Memory (MB): peak = 1979.590 ; gain = 1690.727
---------------------------------------------------------------------------------

Report RTL Partitions: 
+-+--------------+------------+----------+
| |RTL Partition |Replication |Instances |
+-+--------------+------------+----------+
+-+--------------+------------+----------+
---------------------------------------------------------------------------------
Start Technology Mapping
---------------------------------------------------------------------------------
---------------------------------------------------------------------------------
Finished Technology Mapping : Time (s): cpu = 00:00:35 ; elapsed = 00:00:43 . Memory (MB): peak = 1989.566 ; gain = 1700.703
---------------------------------------------------------------------------------

Report RTL Partitions: 
+-+--------------+------------+----------+
| |RTL Partition |Replication |Instances |
+-+--------------+------------+----------+
+-+--------------+------------+----------+
---------------------------------------------------------------------------------
Start IO Insertion
---------------------------------------------------------------------------------
---------------------------------------------------------------------------------
Start Flattening Before IO Insertion
---------------------------------------------------------------------------------
---------------------------------------------------------------------------------
Finished Flattening Before IO Insertion
---------------------------------------------------------------------------------
---------------------------------------------------------------------------------
Start Final Netlist Cleanup
---------------------------------------------------------------------------------
---------------------------------------------------------------------------------
Finished Final Netlist Cleanup
---------------------------------------------------------------------------------
CRITICAL WARNING: [Synth 8-4442] BlackBox module phy has unconnected pin wrData[511]
CRITICAL WARNING: [Synth 8-4442] BlackBox module phy has unconnected pin wrData[510]
CRITICAL WARNING: [Synth 8-4442] BlackBox module phy has unconnected pin wrData[509]
CRITICAL WARNING: [Synth 8-4442] BlackBox module phy has unconnected pin wrData[508]
CRITICAL WARNING: [Synth 8-4442] BlackBox module phy has unconnected pin wrData[507]
CRITICAL WARNING: [Synth 8-4442] BlackBox module phy has unconnected pin wrData[506]
CRITICAL WARNING: [Synth 8-4442] BlackBox module phy has unconnected pin wrData[505]
CRITICAL WARNING: [Synth 8-4442] BlackBox module phy has unconnected pin wrData[504]
CRITICAL WARNING: [Synth 8-4442] BlackBox module phy has unconnected pin wrData[503]
CRITICAL WARNING: [Synth 8-4442] BlackBox module phy has unconnected pin wrData[502]
CRITICAL WARNING: [Synth 8-4442] BlackBox module phy has unconnected pin wrData[501]
CRITICAL WARNING: [Synth 8-4442] BlackBox module phy has unconnected pin wrData[500]
CRITICAL WARNING: [Synth 8-4442] BlackBox module phy has unconnected pin wrData[499]
CRITICAL WARNING: [Synth 8-4442] BlackBox module phy has unconnected pin wrData[498]
CRITICAL WARNING: [Synth 8-4442] BlackBox module phy has unconnected pin wrData[497]
CRITICAL WARNING: [Synth 8-4442] BlackBox module phy has unconnected pin wrData[496]
CRITICAL WARNING: [Synth 8-4442] BlackBox module phy has unconnected pin wrData[495]
CRITICAL WARNING: [Synth 8-4442] BlackBox module phy has unconnected pin wrData[494]
CRITICAL WARNING: [Synth 8-4442] BlackBox module phy has unconnected pin wrData[493]
CRITICAL WARNING: [Synth 8-4442] BlackBox module phy has unconnected pin wrData[492]
CRITICAL WARNING: [Synth 8-4442] BlackBox module phy has unconnected pin wrData[491]
CRITICAL WARNING: [Synth 8-4442] BlackBox module phy has unconnected pin wrData[490]
CRITICAL WARNING: [Synth 8-4442] BlackBox module phy has unconnected pin wrData[489]
CRITICAL WARNING: [Synth 8-4442] BlackBox module phy has unconnected pin wrData[488]
CRITICAL WARNING: [Synth 8-4442] BlackBox module phy has unconnected pin wrData[487]
CRITICAL WARNING: [Synth 8-4442] BlackBox module phy has unconnected pin wrData[486]
CRITICAL WARNING: [Synth 8-4442] BlackBox module phy has unconnected pin wrData[485]
CRITICAL WARNING: [Synth 8-4442] BlackBox module phy has unconnected pin wrData[484]
CRITICAL WARNING: [Synth 8-4442] BlackBox module phy has unconnected pin wrData[483]
CRITICAL WARNING: [Synth 8-4442] BlackBox module phy has unconnected pin wrData[482]
CRITICAL WARNING: [Synth 8-4442] BlackBox module phy has unconnected pin wrData[481]
CRITICAL WARNING: [Synth 8-4442] BlackBox module phy has unconnected pin wrData[480]
CRITICAL WARNING: [Synth 8-4442] BlackBox module phy has unconnected pin wrData[479]
CRITICAL WARNING: [Synth 8-4442] BlackBox module phy has unconnected pin wrData[478]
CRITICAL WARNING: [Synth 8-4442] BlackBox module phy has unconnected pin wrData[477]
CRITICAL WARNING: [Synth 8-4442] BlackBox module phy has unconnected pin wrData[476]
CRITICAL WARNING: [Synth 8-4442] BlackBox module phy has unconnected pin wrData[475]
CRITICAL WARNING: [Synth 8-4442] BlackBox module phy has unconnected pin wrData[474]
CRITICAL WARNING: [Synth 8-4442] BlackBox module phy has unconnected pin wrData[473]
CRITICAL WARNING: [Synth 8-4442] BlackBox module phy has unconnected pin wrData[472]
CRITICAL WARNING: [Synth 8-4442] BlackBox module phy has unconnected pin wrData[471]
CRITICAL WARNING: [Synth 8-4442] BlackBox module phy has unconnected pin wrData[470]
CRITICAL WARNING: [Synth 8-4442] BlackBox module phy has unconnected pin wrData[469]
CRITICAL WARNING: [Synth 8-4442] BlackBox module phy has unconnected pin wrData[468]
CRITICAL WARNING: [Synth 8-4442] BlackBox module phy has unconnected pin wrData[467]
CRITICAL WARNING: [Synth 8-4442] BlackBox module phy has unconnected pin wrData[466]
CRITICAL WARNING: [Synth 8-4442] BlackBox module phy has unconnected pin wrData[465]
CRITICAL WARNING: [Synth 8-4442] BlackBox module phy has unconnected pin wrData[464]
CRITICAL WARNING: [Synth 8-4442] BlackBox module phy has unconnected pin wrData[463]
CRITICAL WARNING: [Synth 8-4442] BlackBox module phy has unconnected pin wrData[462]
CRITICAL WARNING: [Synth 8-4442] BlackBox module phy has unconnected pin wrData[461]
CRITICAL WARNING: [Synth 8-4442] BlackBox module phy has unconnected pin wrData[460]
CRITICAL WARNING: [Synth 8-4442] BlackBox module phy has unconnected pin wrData[459]
CRITICAL WARNING: [Synth 8-4442] BlackBox module phy has unconnected pin wrData[458]
CRITICAL WARNING: [Synth 8-4442] BlackBox module phy has unconnected pin wrData[457]
CRITICAL WARNING: [Synth 8-4442] BlackBox module phy has unconnected pin wrData[456]
CRITICAL WARNING: [Synth 8-4442] BlackBox module phy has unconnected pin wrData[455]
CRITICAL WARNING: [Synth 8-4442] BlackBox module phy has unconnected pin wrData[454]
CRITICAL WARNING: [Synth 8-4442] BlackBox module phy has unconnected pin wrData[453]
CRITICAL WARNING: [Synth 8-4442] BlackBox module phy has unconnected pin wrData[452]
CRITICAL WARNING: [Synth 8-4442] BlackBox module phy has unconnected pin wrData[451]
CRITICAL WARNING: [Synth 8-4442] BlackBox module phy has unconnected pin wrData[450]
CRITICAL WARNING: [Synth 8-4442] BlackBox module phy has unconnected pin wrData[449]
CRITICAL WARNING: [Synth 8-4442] BlackBox module phy has unconnected pin wrData[448]
CRITICAL WARNING: [Synth 8-4442] BlackBox module phy has unconnected pin wrData[447]
CRITICAL WARNING: [Synth 8-4442] BlackBox module phy has unconnected pin wrData[446]
CRITICAL WARNING: [Synth 8-4442] BlackBox module phy has unconnected pin wrData[445]
CRITICAL WARNING: [Synth 8-4442] BlackBox module phy has unconnected pin wrData[444]
CRITICAL WARNING: [Synth 8-4442] BlackBox module phy has unconnected pin wrData[443]
CRITICAL WARNING: [Synth 8-4442] BlackBox module phy has unconnected pin wrData[442]
CRITICAL WARNING: [Synth 8-4442] BlackBox module phy has unconnected pin wrData[441]
CRITICAL WARNING: [Synth 8-4442] BlackBox module phy has unconnected pin wrData[440]
CRITICAL WARNING: [Synth 8-4442] BlackBox module phy has unconnected pin wrData[439]
CRITICAL WARNING: [Synth 8-4442] BlackBox module phy has unconnected pin wrData[438]
CRITICAL WARNING: [Synth 8-4442] BlackBox module phy has unconnected pin wrData[437]
CRITICAL WARNING: [Synth 8-4442] BlackBox module phy has unconnected pin wrData[436]
CRITICAL WARNING: [Synth 8-4442] BlackBox module phy has unconnected pin wrData[435]
CRITICAL WARNING: [Synth 8-4442] BlackBox module phy has unconnected pin wrData[434]
CRITICAL WARNING: [Synth 8-4442] BlackBox module phy has unconnected pin wrData[433]
CRITICAL WARNING: [Synth 8-4442] BlackBox module phy has unconnected pin wrData[432]
CRITICAL WARNING: [Synth 8-4442] BlackBox module phy has unconnected pin wrData[431]
CRITICAL WARNING: [Synth 8-4442] BlackBox module phy has unconnected pin wrData[430]
CRITICAL WARNING: [Synth 8-4442] BlackBox module phy has unconnected pin wrData[429]
CRITICAL WARNING: [Synth 8-4442] BlackBox module phy has unconnected pin wrData[428]
CRITICAL WARNING: [Synth 8-4442] BlackBox module phy has unconnected pin wrData[427]
CRITICAL WARNING: [Synth 8-4442] BlackBox module phy has unconnected pin wrData[426]
CRITICAL WARNING: [Synth 8-4442] BlackBox module phy has unconnected pin wrData[425]
CRITICAL WARNING: [Synth 8-4442] BlackBox module phy has unconnected pin wrData[424]
CRITICAL WARNING: [Synth 8-4442] BlackBox module phy has unconnected pin wrData[423]
CRITICAL WARNING: [Synth 8-4442] BlackBox module phy has unconnected pin wrData[422]
CRITICAL WARNING: [Synth 8-4442] BlackBox module phy has unconnected pin wrData[421]
CRITICAL WARNING: [Synth 8-4442] BlackBox module phy has unconnected pin wrData[420]
CRITICAL WARNING: [Synth 8-4442] BlackBox module phy has unconnected pin wrData[419]
CRITICAL WARNING: [Synth 8-4442] BlackBox module phy has unconnected pin wrData[418]
CRITICAL WARNING: [Synth 8-4442] BlackBox module phy has unconnected pin wrData[417]
CRITICAL WARNING: [Synth 8-4442] BlackBox module phy has unconnected pin wrData[416]
CRITICAL WARNING: [Synth 8-4442] BlackBox module phy has unconnected pin wrData[415]
CRITICAL WARNING: [Synth 8-4442] BlackBox module phy has unconnected pin wrData[414]
CRITICAL WARNING: [Synth 8-4442] BlackBox module phy has unconnected pin wrData[413]
CRITICAL WARNING: [Synth 8-4442] BlackBox module phy has unconnected pin wrData[412]
INFO: [Common 17-14] Message 'Synth 8-4442' appears 100 times and further instances of the messages will be disabled. Use the Tcl command set_msg_config to change the current settings.
---------------------------------------------------------------------------------
Finished IO Insertion : Time (s): cpu = 00:00:36 ; elapsed = 00:00:44 . Memory (MB): peak = 1989.566 ; gain = 1700.703
---------------------------------------------------------------------------------

Report Check Netlist: 
+------+------------------+-------+---------+-------+------------------+
|      |Item              |Errors |Warnings |Status |Description       |
+------+------------------+-------+---------+-------+------------------+
|1     |multi_driven_nets |      0|        0|Passed |Multi driven nets |
+------+------------------+-------+---------+-------+------------------+
---------------------------------------------------------------------------------
Start Renaming Generated Instances
---------------------------------------------------------------------------------
---------------------------------------------------------------------------------
Finished Renaming Generated Instances : Time (s): cpu = 00:00:36 ; elapsed = 00:00:44 . Memory (MB): peak = 1989.566 ; gain = 1700.703
---------------------------------------------------------------------------------

Report RTL Partitions: 
+-+--------------+------------+----------+
| |RTL Partition |Replication |Instances |
+-+--------------+------------+----------+
+-+--------------+------------+----------+
---------------------------------------------------------------------------------
Start Rebuilding User Hierarchy
---------------------------------------------------------------------------------
---------------------------------------------------------------------------------
Finished Rebuilding User Hierarchy : Time (s): cpu = 00:00:36 ; elapsed = 00:00:44 . Memory (MB): peak = 1989.566 ; gain = 1700.703
---------------------------------------------------------------------------------
---------------------------------------------------------------------------------
Start Renaming Generated Ports
---------------------------------------------------------------------------------
---------------------------------------------------------------------------------
Finished Renaming Generated Ports : Time (s): cpu = 00:00:36 ; elapsed = 00:00:44 . Memory (MB): peak = 1989.566 ; gain = 1700.703
---------------------------------------------------------------------------------
---------------------------------------------------------------------------------
Start Handling Custom Attributes
---------------------------------------------------------------------------------
---------------------------------------------------------------------------------
Finished Handling Custom Attributes : Time (s): cpu = 00:00:36 ; elapsed = 00:00:44 . Memory (MB): peak = 1989.566 ; gain = 1700.703
---------------------------------------------------------------------------------
---------------------------------------------------------------------------------
Start Renaming Generated Nets
---------------------------------------------------------------------------------
---------------------------------------------------------------------------------
Finished Renaming Generated Nets : Time (s): cpu = 00:00:36 ; elapsed = 00:00:44 . Memory (MB): peak = 1989.566 ; gain = 1700.703
---------------------------------------------------------------------------------
---------------------------------------------------------------------------------
Start Writing Synthesis Report
---------------------------------------------------------------------------------

Report BlackBoxes: 
+------+--------------+----------+
|      |BlackBox name |Instances |
+------+--------------+----------+
|1     |ddr4_phy_0    |         1|
+------+--------------+----------+

Report Cell Usage: 
+------+-----------+------+
|      |Cell       |Count |
+------+-----------+------+
|1     |ddr4_phy_0 |     1|
|2     |OBUFT      |     1|
+------+-----------+------+

Report Instance Areas: 
+------+---------+-------+------+
|      |Instance |Module |Cells |
+------+---------+-------+------+
|1     |top      |       |  1078|
+------+---------+-------+------+
---------------------------------------------------------------------------------
Finished Writing Synthesis Report : Time (s): cpu = 00:00:36 ; elapsed = 00:00:44 . Memory (MB): peak = 1989.566 ; gain = 1700.703
---------------------------------------------------------------------------------
Synthesis finished with 0 errors, 716 critical warnings and 1 warnings.
Synthesis Optimization Runtime : Time (s): cpu = 00:00:20 ; elapsed = 00:00:29 . Memory (MB): peak = 1989.566 ; gain = 611.055
Synthesis Optimization Complete : Time (s): cpu = 00:00:36 ; elapsed = 00:00:44 . Memory (MB): peak = 1989.566 ; gain = 1700.703
INFO: [Project 1-571] Translating synthesized netlist
INFO: [Project 1-570] Preparing netlist for logic optimization
INFO: [Opt 31-138] Pushed 0 inverter(s) to 0 load pin(s).
Netlist sorting complete. Time (s): cpu = 00:00:00 ; elapsed = 00:00:00 . Memory (MB): peak = 2027.727 ; gain = 0.000
INFO: [Project 1-111] Unisim Transformation Summary:
No Unisim elements were transformed.

INFO: [Common 17-83] Releasing license: Synthesis
18 Infos, 16 Warnings, 100 Critical Warnings and 0 Errors encountered.
synth_design completed successfully
synth_design: Time (s): cpu = 00:00:38 ; elapsed = 00:00:47 . Memory (MB): peak = 2027.727 ; gain = 1742.555
Netlist sorting complete. Time (s): cpu = 00:00:00 ; elapsed = 00:00:00 . Memory (MB): peak = 2027.727 ; gain = 0.000
WARNING: [Constraints 18-5210] No constraints selected for write.
Resolution: This message can indicate that there are no constraints for the design, or it can indicate that the used_in flags are set such that the constraints are ignored. This later case is used when running synth_design to not write synthesis constraints to the resulting checkpoint. Instead, project constraints are read when the synthesized design is opened.
INFO: [Common 17-1381] The checkpoint 'C:/Users/Anon/Dropbox/projects/UAH/S2019/CPE526/project/CustomController/CustomController.runs/synth_1/Root.dcp' has been generated.
INFO: [runtcl-4] Executing : report_utilization -file Root_utilization_synth.rpt -pb Root_utilization_synth.pb
INFO: [Common 17-206] Exiting Vivado at Mon Apr 22 00:14:54 2019...
