Copyright 1986-2018 Xilinx, Inc. All Rights Reserved.
-----------------------------------------------------------------------------------------------------
| Tool Version : Vivado v.2018.3 (lin64) Build 2405991 Thu Dec  6 23:36:41 MST 2018
| Date         : Wed May  1 10:40:32 2019
| Host         : serlop-OptiPlex-7010 running 64-bit Linux Mint 19.1 Tessa
| Command      : report_utilization -file Root_utilization_placed.rpt -pb Root_utilization_placed.pb
| Design       : Root
| Device       : xczu7evffvc1156-2
| Design State : Fully Placed
-----------------------------------------------------------------------------------------------------

Utilization Design Information

Table of Contents
-----------------
1. CLB Logic
1.1 Summary of Registers by Type
2. CLB Logic Distribution
3. BLOCKRAM
4. ARITHMETIC
5. I/O
6. CLOCK
7. ADVANCED
8. CONFIGURATION
9. Primitives
10. Black Boxes
11. Instantiated Netlists

1. CLB Logic
------------

+----------------------------+-------+-------+-----------+-------+
|          Site Type         |  Used | Fixed | Available | Util% |
+----------------------------+-------+-------+-----------+-------+
| CLB LUTs                   | 30820 |     0 |    230400 | 13.38 |
|   LUT as Logic             | 22751 |     0 |    230400 |  9.87 |
|   LUT as Memory            |  8069 |     0 |    101760 |  7.93 |
|     LUT as Distributed RAM |   224 |     0 |           |       |
|     LUT as Shift Register  |  7845 |     0 |           |       |
| CLB Registers              | 31709 |     0 |    460800 |  6.88 |
|   Register as Flip Flop    | 31708 |     0 |    460800 |  6.88 |
|   Register as Latch        |     0 |     0 |    460800 |  0.00 |
|   Register as AND/OR       |     1 |     0 |    460800 | <0.01 |
| CARRY8                     |  1194 |     0 |     28800 |  4.15 |
| F7 Muxes                   |  1164 |     0 |    115200 |  1.01 |
| F8 Muxes                   |   339 |     0 |     57600 |  0.59 |
| F9 Muxes                   |     0 |     0 |     28800 |  0.00 |
+----------------------------+-------+-------+-----------+-------+


1.1 Summary of Registers by Type
--------------------------------

+-------+--------------+-------------+--------------+
| Total | Clock Enable | Synchronous | Asynchronous |
+-------+--------------+-------------+--------------+
| 1     |            _ |           - |            - |
| 0     |            _ |           - |          Set |
| 0     |            _ |           - |        Reset |
| 0     |            _ |         Set |            - |
| 0     |            _ |       Reset |            - |
| 0     |          Yes |           - |            - |
| 42    |          Yes |           - |          Set |
| 177   |          Yes |           - |        Reset |
| 420   |          Yes |         Set |            - |
| 31069 |          Yes |       Reset |            - |
+-------+--------------+-------------+--------------+


2. CLB Logic Distribution
-------------------------

+--------------------------------------------+-------+-------+-----------+-------+
|                  Site Type                 |  Used | Fixed | Available | Util% |
+--------------------------------------------+-------+-------+-----------+-------+
| CLB                                        |  6371 |     0 |     28800 | 22.12 |
|   CLBL                                     |  3412 |     0 |           |       |
|   CLBM                                     |  2959 |     0 |           |       |
| LUT as Logic                               | 22751 |     0 |    230400 |  9.87 |
|   using O5 output only                     |   441 |       |           |       |
|   using O6 output only                     | 18532 |       |           |       |
|   using O5 and O6                          |  3778 |       |           |       |
| LUT as Memory                              |  8069 |     0 |    101760 |  7.93 |
|   LUT as Distributed RAM                   |   224 |     0 |           |       |
|     using O5 output only                   |     0 |       |           |       |
|     using O6 output only                   |   128 |       |           |       |
|     using O5 and O6                        |    96 |       |           |       |
|   LUT as Shift Register                    |  7845 |     0 |           |       |
|     using O5 output only                   |     0 |       |           |       |
|     using O6 output only                   |   432 |       |           |       |
|     using O5 and O6                        |  7413 |       |           |       |
| CLB Registers                              | 31709 |     0 |    460800 |  6.88 |
|   Register driven from within the CLB      | 18470 |       |           |       |
|   Register driven from outside the CLB     | 13239 |       |           |       |
|     LUT in front of the register is unused |  9827 |       |           |       |
|     LUT in front of the register is used   |  3412 |       |           |       |
| Unique Control Sets                        |  1196 |       |     57600 |  2.08 |
+--------------------------------------------+-------+-------+-----------+-------+
* Note: Available Control Sets calculated as CLB Registers / 8, Review the Control Sets Report for more information regarding control sets.


3. BLOCKRAM
-----------

+-------------------+------+-------+-----------+-------+
|     Site Type     | Used | Fixed | Available | Util% |
+-------------------+------+-------+-----------+-------+
| Block RAM Tile    | 34.5 |     0 |       312 | 11.06 |
|   RAMB36/FIFO*    |   34 |     0 |       312 | 10.90 |
|     RAMB36E2 only |   34 |       |           |       |
|   RAMB18          |    1 |     0 |       624 |  0.16 |
|     RAMB18E2 only |    1 |       |           |       |
| URAM              |    0 |     0 |        96 |  0.00 |
+-------------------+------+-------+-----------+-------+
* Note: Each Block RAM Tile only has one FIFO logic available and therefore can accommodate only one FIFO36E2 or one FIFO18E2. However, if a FIFO18E2 occupies a Block RAM Tile, that tile can still accommodate a RAMB18E2


4. ARITHMETIC
-------------

+----------------+------+-------+-----------+-------+
|    Site Type   | Used | Fixed | Available | Util% |
+----------------+------+-------+-----------+-------+
| DSPs           |    3 |     0 |      1728 |  0.17 |
|   DSP48E2 only |    3 |       |           |       |
+----------------+------+-------+-----------+-------+


5. I/O
------

+------------------+------+-------+-----------+-------+
|     Site Type    | Used | Fixed | Available | Util% |
+------------------+------+-------+-----------+-------+
| Bonded IOB       |  120 |   120 |       360 | 33.33 |
| HPIOB_M          |   64 |    64 |       144 | 44.44 |
|   INPUT          |    1 |       |           |       |
|   OUTPUT         |   15 |       |           |       |
|   BIDIR          |   48 |       |           |       |
| HPIOB_S          |   55 |    55 |       144 | 38.19 |
|   INPUT          |    2 |       |           |       |
|   OUTPUT         |   13 |       |           |       |
|   BIDIR          |   40 |       |           |       |
| HDIOB_M          |    0 |     0 |        24 |  0.00 |
| HDIOB_S          |    0 |     0 |        24 |  0.00 |
| HPIOB_SNGL       |    1 |     1 |        24 |  4.17 |
|   INPUT          |    0 |       |           |       |
|   OUTPUT         |    1 |       |           |       |
|   BIDIR          |    0 |       |           |       |
| HPIOBDIFFINBUF   |    9 |     9 |       192 |  4.69 |
|   DIFFINBUF      |    9 |     9 |           |       |
| HPIOBDIFFOUTBUF  |    0 |     0 |       192 |  0.00 |
| HDIOBDIFFINBUF   |    0 |     0 |        48 |  0.00 |
| BITSLICE_CONTROL |   22 |     0 |        64 | 34.38 |
| BITSLICE_RX_TX   |  106 |   106 |       416 | 25.48 |
|   RXTX_BITSLICE  |  106 |   106 |           |       |
| BITSLICE_TX      |   22 |     0 |        64 | 34.38 |
| RIU_OR           |   11 |     0 |        32 | 34.38 |
+------------------+------+-------+-----------+-------+


6. CLOCK
--------

+----------------------+------+-------+-----------+-------+
|       Site Type      | Used | Fixed | Available | Util% |
+----------------------+------+-------+-----------+-------+
| GLOBAL CLOCK BUFFERs |    5 |     0 |       544 |  0.92 |
|   BUFGCE             |    5 |     0 |       208 |  2.40 |
|   BUFGCE_DIV         |    0 |     0 |        32 |  0.00 |
|   BUFG_GT            |    0 |     0 |       144 |  0.00 |
|   BUFG_PS            |    0 |     0 |        96 |  0.00 |
|   BUFGCTRL*          |    0 |     0 |        64 |  0.00 |
| PLL                  |    3 |     0 |        16 | 18.75 |
| MMCM                 |    1 |     1 |         8 | 12.50 |
+----------------------+------+-------+-----------+-------+
* Note: Each used BUFGCTRL counts as two global buffer resources. This table does not include global clocking resources, only buffer cell usage. See the Clock Utilization Report (report_clock_utilization) for detailed accounting of global clocking resource availability.


7. ADVANCED
-----------

+-----------------+------+-------+-----------+-------+
|    Site Type    | Used | Fixed | Available | Util% |
+-----------------+------+-------+-----------+-------+
| GTHE4_CHANNEL   |    0 |     0 |        20 |  0.00 |
| GTHE4_COMMON    |    0 |     0 |         5 |  0.00 |
| OBUFDS_GTE4     |    0 |     0 |        10 |  0.00 |
| OBUFDS_GTE4_ADV |    0 |     0 |        10 |  0.00 |
| PCIE40E4        |    0 |     0 |         2 |  0.00 |
| PS8             |    0 |     0 |         1 |  0.00 |
| SYSMONE4        |    0 |     0 |         1 |  0.00 |
| VCU             |    0 |     0 |         1 |  0.00 |
+-----------------+------+-------+-----------+-------+


8. CONFIGURATION
----------------

+-------------+------+-------+-----------+-------+
|  Site Type  | Used | Fixed | Available | Util% |
+-------------+------+-------+-----------+-------+
| BSCANE2     |    1 |     0 |         4 | 25.00 |
| DNA_PORTE2  |    0 |     0 |         1 |  0.00 |
| EFUSE_USR   |    0 |     0 |         1 |  0.00 |
| FRAME_ECCE4 |    0 |     0 |         1 |  0.00 |
| ICAPE3      |    0 |     0 |         2 |  0.00 |
| MASTER_JTAG |    0 |     0 |         1 |  0.00 |
| STARTUPE3   |    0 |     0 |         1 |  0.00 |
+-------------+------+-------+-----------+-------+


9. Primitives
-------------

+------------------+-------+---------------------+
|     Ref Name     |  Used | Functional Category |
+------------------+-------+---------------------+
| FDRE             | 31069 |            Register |
| LUT6             | 12810 |                 CLB |
| SRLC32E          |  7706 |                 CLB |
| SRL16E           |  7550 |                 CLB |
| LUT4             |  6262 |                 CLB |
| LUT3             |  3827 |                 CLB |
| LUT5             |  1877 |                 CLB |
| CARRY8           |  1194 |                 CLB |
| LUT2             |  1184 |                 CLB |
| MUXF7            |  1164 |                 CLB |
| LUT1             |   569 |                 CLB |
| FDSE             |   420 |            Register |
| MUXF8            |   339 |                 CLB |
| FDCE             |   177 |            Register |
| RAMD32           |   152 |                 CLB |
| RAMD64E          |   128 |                 CLB |
| RXTX_BITSLICE    |   106 |                 I/O |
| IBUFCTRL         |    82 |              Others |
| INBUF            |    73 |                 I/O |
| OBUFT_DCIEN      |    72 |                 I/O |
| FDPE             |    42 |            Register |
| RAMS32           |    40 |                 CLB |
| RAMB36E2         |    34 |           Block Ram |
| OBUF             |    28 |                 I/O |
| TX_BITSLICE_TRI  |    22 |                 I/O |
| BITSLICE_CONTROL |    22 |                 I/O |
| OBUFT            |    17 |                 I/O |
| RIU_OR           |    11 |                 I/O |
| INV              |     9 |                 CLB |
| DIFFINBUF        |     9 |                 I/O |
| HPIO_VREF        |     8 |                 I/O |
| BUFGCE           |     5 |               Clock |
| PLLE4_ADV        |     3 |               Clock |
| DSP48E2          |     3 |          Arithmetic |
| SRLC16E          |     2 |                 CLB |
| RAMB18E2         |     1 |           Block Ram |
| MMCME4_ADV       |     1 |               Clock |
| BSCANE2          |     1 |       Configuration |
| AND2B1L          |     1 |              Others |
+------------------+-------+---------------------+


10. Black Boxes
---------------

+----------+------+
| Ref Name | Used |
+----------+------+


11. Instantiated Netlists
-------------------------

+----------------+------+
|    Ref Name    | Used |
+----------------+------+
| u_ila_0        |    1 |
| ddr4_phy_0_phy |    1 |
| ddr4_phy_0     |    1 |
| dbg_hub        |    1 |
+----------------+------+


