Copyright 1986-2018 Xilinx, Inc. All Rights Reserved.
-----------------------------------------------------------------------------------------
| Tool Version      : Vivado v.2018.3 (lin64) Build 2405991 Thu Dec  6 23:36:41 MST 2018
| Date              : Wed May  1 10:45:51 2019
| Host              : serlop-OptiPlex-7010 running 64-bit Linux Mint 19.1 Tessa
| Command           : report_clock_utilization -file Root_clock_utilization_routed.rpt
| Design            : Root
| Device            : xczu7ev-ffvc1156
| Speed File        : -2  PRODUCTION 1.23 10-29-2018
| Temperature Grade : E
-----------------------------------------------------------------------------------------

Clock Utilization Report

Table of Contents
-----------------
1. Clock Primitive Utilization
2. Global Clock Resources
3. Global Clock Source Details
4. Clock Regions : Clock Primitives
5. Clock Regions : Load Primitives
6. Clock Regions : Global Clock Summary
7. Clock Regions : Routing Resource Utilization
8. Device Cell Placement Summary for Global Clock g0
9. Device Cell Placement Summary for Global Clock g1
10. Device Cell Placement Summary for Global Clock g2
11. Device Cell Placement Summary for Global Clock g3
12. Device Cell Placement Summary for Global Clock g4
13. Clock Region Cell Placement per Global Clock: Region X1Y0
14. Clock Region Cell Placement per Global Clock: Region X2Y0
15. Clock Region Cell Placement per Global Clock: Region X3Y0
16. Clock Region Cell Placement per Global Clock: Region X1Y1
17. Clock Region Cell Placement per Global Clock: Region X2Y1
18. Clock Region Cell Placement per Global Clock: Region X3Y1
19. Clock Region Cell Placement per Global Clock: Region X2Y2
20. Clock Region Cell Placement per Global Clock: Region X3Y2
21. Clock Region Cell Placement per Global Clock: Region X2Y3
22. Clock Region Cell Placement per Global Clock: Region X1Y4
23. Clock Region Cell Placement per Global Clock: Region X2Y4

1. Clock Primitive Utilization
------------------------------

+------------+------+-----------+-----+--------------+--------+
| Type       | Used | Available | LOC | Clock Region | Pblock |
+------------+------+-----------+-----+--------------+--------+
| BUFGCE     |    5 |       208 |   0 |            0 |      0 |
| BUFGCE_DIV |    0 |        32 |   0 |            0 |      0 |
| BUFGCTRL   |    0 |        64 |   0 |            0 |      0 |
| BUFG_GT    |    0 |       144 |   0 |            0 |      0 |
| MMCM       |    1 |         8 |   1 |            0 |      0 |
| PLL        |    3 |        16 |   0 |            0 |      0 |
+------------+------+-----------+-----+--------------+--------+


2. Global Clock Resources
-------------------------

+-----------+-----------+-----------------+------------+--------------+--------------+------+-------------------+-------------------+-------------+-----------------+--------------+-----------------------------------------------------------------------------------------------------+--------------------------------------------------------------------------------+-------------------------------------------------------+
| Global Id | Source Id | Driver Type/Pin | Constraint | Site         | Clock Region | Root | Clock Delay Group | Load Clock Region | Clock Loads | Non-Clock Loads | Clock Period | Clock                                                                                               | Driver Pin                                                                     | Net                                                   |
+-----------+-----------+-----------------+------------+--------------+--------------+------+-------------------+-------------------+-------------+-----------------+--------------+-----------------------------------------------------------------------------------------------------+--------------------------------------------------------------------------------+-------------------------------------------------------+
| g0        | src0      | BUFGCE/O        | None       | BUFGCE_X1Y50 | X2Y2         | X2Y0 |                   |                 6 |       26023 |               0 |       15.008 | mmcm_clkout5                                                                                        | phy/inst/u_ddr4_infrastructure/u_bufg_dbg_clk/O                                | phy/inst/u_ddr4_infrastructure/dbg_clk                |
| g1        | src0      | BUFGCE/O        | None       | BUFGCE_X1Y68 | X2Y2         | X2Y2 |                   |                 8 |       11775 |               3 |        3.752 | mmcm_clkout0                                                                                        | phy/inst/u_ddr4_infrastructure/u_bufg_divClk/O                                 | phy/inst/u_ddr4_infrastructure/input_rst_mmcm_reg_0   |
| g2        | src0      | BUFGCE/O        | None       | BUFGCE_X1Y62 | X2Y2         | X2Y2 |                   |                 3 |        1619 |               0 |        7.504 | mmcm_clkout6                                                                                        | phy/inst/u_ddr4_infrastructure/u_bufg_riuClk/O                                 | phy/inst/u_ddr4_infrastructure/CLK                    |
| g3        | src1      | BUFGCE/O        | None       | BUFGCE_X1Y80 | X2Y3         | X2Y1 |                   |                 3 |         464 |               0 |       50.000 | dbg_hub/inst/BSCANID.u_xsdbm_id/SWITCH_N_EXT_BSCAN.bscan_inst/SERIES7_BSCAN.bscan_inst/INTERNAL_TCK | dbg_hub/inst/BSCANID.u_xsdbm_id/SWITCH_N_EXT_BSCAN.u_bufg_icon_tck/O           | dbg_hub/inst/BSCANID.u_xsdbm_id/itck_i                |
| g4        | src2      | BUFGCE/O        | None       | BUFGCE_X1Y24 | X2Y1         | X2Y1 |                   |                 2 |          17 |               1 |        3.335 | c0_sys_clk_p                                                                                        | phy/inst/u_mig_ddr4_phy/inst/u_ddr4_phy_pll/sys_clk_in_BUFGCE_collapsed_inst/O | phy/inst/u_mig_ddr4_phy/inst/u_ddr4_phy_pll/xlnx_opt_ |
+-----------+-----------+-----------------+------------+--------------+--------------+------+-------------------+-------------------+-------------+-----------------+--------------+-----------------------------------------------------------------------------------------------------+--------------------------------------------------------------------------------+-------------------------------------------------------+
* Clock Loads column represents the clock pin loads (pin count)
** Non-Clock Loads column represents the non-clock pin loads (pin count)


3. Global Clock Source Details
------------------------------

+-----------+-----------+--------------------+------------+------------------+--------------+-------------+-----------------+---------------------+-----------------------------------------------------------------------------------------------------+--------------------------------------------------------------------------------------------+------------------------------------------------------------------------------+
| Source Id | Global Id | Driver Type/Pin    | Constraint | Site             | Clock Region | Clock Loads | Non-Clock Loads | Source Clock Period | Source Clock                                                                                        | Driver Pin                                                                                 | Net                                                                          |
+-----------+-----------+--------------------+------------+------------------+--------------+-------------+-----------------+---------------------+-----------------------------------------------------------------------------------------------------+--------------------------------------------------------------------------------------------+------------------------------------------------------------------------------+
| src0      | g1        | MMCME4_ADV/CLKOUT0 | MMCM_X1Y2  | MMCM_X1Y2        | X2Y2         |           1 |               0 |               3.752 | mmcm_clkout0                                                                                        | phy/inst/u_ddr4_infrastructure/gen_mmcme4.u_mmcme_adv_inst/CLKOUT0                         | phy/inst/u_ddr4_infrastructure/mmcm_clkout0                                  |
| src0      | g0        | MMCME4_ADV/CLKOUT5 | MMCM_X1Y2  | MMCM_X1Y2        | X2Y2         |           1 |               0 |              15.008 | mmcm_clkout5                                                                                        | phy/inst/u_ddr4_infrastructure/gen_mmcme4.u_mmcme_adv_inst/CLKOUT5                         | phy/inst/u_ddr4_infrastructure/mmcm_clkout5                                  |
| src0      | g2        | MMCME4_ADV/CLKOUT6 | MMCM_X1Y2  | MMCM_X1Y2        | X2Y2         |           1 |               0 |               7.504 | mmcm_clkout6                                                                                        | phy/inst/u_ddr4_infrastructure/gen_mmcme4.u_mmcme_adv_inst/CLKOUT6                         | phy/inst/u_ddr4_infrastructure/mmcm_clkout6                                  |
| src1      | g3        | BSCANE2/TCK        | None       | CONFIG_SITE_X0Y0 | X3Y2         |           1 |               0 |              50.000 | dbg_hub/inst/BSCANID.u_xsdbm_id/SWITCH_N_EXT_BSCAN.bscan_inst/SERIES7_BSCAN.bscan_inst/INTERNAL_TCK | dbg_hub/inst/BSCANID.u_xsdbm_id/SWITCH_N_EXT_BSCAN.bscan_inst/SERIES7_BSCAN.bscan_inst/TCK | dbg_hub/inst/BSCANID.u_xsdbm_id/SWITCH_N_EXT_BSCAN.bscan_inst/tck_bs         |
| src2      | g4        | IBUFCTRL/O         | IOB_X2Y78  | IOB_X2Y78        | X2Y1         |           1 |               1 |               3.335 | c0_sys_clk_p                                                                                        | phy/inst/u_mig_ddr4_phy/inst/u_ddr4_phy_pll/diff_input_clk.u_ibufg_sys_clk/IBUFCTRL_INST/O | phy/inst/u_mig_ddr4_phy/inst/u_ddr4_phy_pll/diff_input_clk.u_ibufg_sys_clk/O |
+-----------+-----------+--------------------+------------+------------------+--------------+-------------+-----------------+---------------------+-----------------------------------------------------------------------------------------------------+--------------------------------------------------------------------------------------------+------------------------------------------------------------------------------+
* Clock Loads column represents the clock pin loads (pin count)
** Non-Clock Loads column represents the non-clock pin loads (pin count)


4. Clock Regions : Clock Primitives
-----------------------------------

+-------------------+--------------+--------------+--------------+--------------+--------------+--------------+--------------+
|                   | Global Clock |    BUFGCE    |  BUFGCE_DIV  |   BUFGCTRL   |    BUFG_GT   |     MMCM     |      PLL     |
+-------------------+------+-------+------+-------+------+-------+------+-------+------+-------+------+-------+------+-------+
| Clock Region Name | Used | Avail | Used | Avail | Used | Avail | Used | Avail | Used | Avail | Used | Avail | Used | Avail |
+-------------------+------+-------+------+-------+------+-------+------+-------+------+-------+------+-------+------+-------+
| X0Y0              |    0 |     0 |    0 |     0 |    0 |     0 |    0 |     0 |    0 |     0 |    0 |     0 |    0 |     0 |
| X1Y0              |    2 |    24 |    0 |     0 |    0 |     0 |    0 |     0 |    0 |     0 |    0 |     0 |    0 |     0 |
| X2Y0              |    2 |    24 |    0 |    24 |    0 |     4 |    0 |     8 |    0 |     0 |    0 |     1 |    0 |     2 |
| X3Y0              |    2 |    24 |    0 |     0 |    0 |     0 |    0 |     0 |    0 |    24 |    0 |     0 |    0 |     0 |
| X0Y1              |    0 |     0 |    0 |     0 |    0 |     0 |    0 |     0 |    0 |     0 |    0 |     0 |    0 |     0 |
| X1Y1              |    1 |    24 |    0 |     0 |    0 |     0 |    0 |     0 |    0 |     0 |    0 |     0 |    0 |     0 |
| X2Y1              |    5 |    24 |    1 |    24 |    0 |     4 |    0 |     8 |    0 |     0 |    0 |     1 |    0 |     2 |
| X3Y1              |    2 |    24 |    0 |     0 |    0 |     0 |    0 |     0 |    0 |    24 |    0 |     0 |    0 |     0 |
| X0Y2              |    0 |     0 |    0 |     0 |    0 |     0 |    0 |     0 |    0 |     0 |    0 |     0 |    0 |     0 |
| X1Y2              |    0 |    24 |    0 |     0 |    0 |     0 |    0 |     0 |    0 |     0 |    0 |     0 |    0 |     0 |
| X2Y2              |    5 |    24 |    3 |    24 |    0 |     4 |    0 |     8 |    0 |     0 |    1 |     1 |    0 |     2 |
| X3Y2              |    1 |    24 |    0 |     0 |    0 |     0 |    0 |     0 |    0 |    24 |    0 |     0 |    0 |     0 |
| X0Y3              |    0 |     0 |    0 |     0 |    0 |     0 |    0 |     0 |    0 |     0 |    0 |     0 |    0 |     0 |
| X1Y3              |    0 |    24 |    0 |     0 |    0 |     0 |    0 |     0 |    0 |     0 |    0 |     0 |    0 |     0 |
| X2Y3              |    3 |    24 |    1 |    24 |    0 |     4 |    0 |     8 |    0 |     0 |    0 |     1 |    0 |     2 |
| X3Y3              |    0 |    24 |    0 |     0 |    0 |     0 |    0 |     0 |    0 |    24 |    0 |     0 |    0 |     0 |
| X0Y4              |    0 |    24 |    0 |    28 |    0 |     4 |    0 |     8 |    0 |     0 |    0 |     1 |    0 |     2 |
| X1Y4              |    1 |    24 |    0 |     0 |    0 |     0 |    0 |     0 |    0 |     0 |    0 |     0 |    0 |     0 |
| X2Y4              |    1 |    24 |    0 |    24 |    0 |     4 |    0 |     8 |    0 |     0 |    0 |     1 |    0 |     2 |
| X3Y4              |    0 |    24 |    0 |     4 |    0 |     0 |    0 |     0 |    0 |    24 |    0 |     0 |    0 |     0 |
| X0Y5              |    0 |    24 |    0 |    28 |    0 |     4 |    0 |     8 |    0 |     0 |    0 |     1 |    0 |     2 |
| X1Y5              |    0 |    24 |    0 |     0 |    0 |     0 |    0 |     0 |    0 |     0 |    0 |     0 |    0 |     0 |
| X2Y5              |    0 |    24 |    0 |    24 |    0 |     4 |    0 |     8 |    0 |     0 |    0 |     1 |    0 |     2 |
| X3Y5              |    0 |    24 |    0 |     4 |    0 |     0 |    0 |     0 |    0 |    24 |    0 |     0 |    0 |     0 |
+-------------------+------+-------+------+-------+------+-------+------+-------+------+-------+------+-------+------+-------+
* Global Clock column represents track count; while other columns represents cell counts


5. Clock Regions : Load Primitives
----------------------------------

+-------------------+------------------+------------------+------------------+------------------+------------------+------------------+------------------+------------------+
|                   |   Global Clock   |        FF        |      LUTRAM      |  Block RAM (18K) |       URAM       |        DSP       |        GT        |      HARD IP     |
+-------------------+--------+---------+--------+---------+--------+---------+--------+---------+--------+---------+--------+---------+--------+---------+--------+---------+
| Clock Region Name | Used   | Avail   | Used   | Avail   | Used   | Avail   | Used   | Avail   | Used   | Avail   | Used   | Avail   | Used   | Avail   | Used   | Avail   |
+-------------------+--------+---------+--------+---------+--------+---------+--------+---------+--------+---------+--------+---------+--------+---------+--------+---------+
| X0Y0              |      0 |       0 |      0 |       0 |      0 |       0 |      0 |       0 |      0 |       0 |      0 |       0 |      0 |       0 |      0 |       0 |
| X1Y0              |      2 |      24 |   1718 |   17280 |     85 |    4320 |      8 |      24 |      0 |      16 |      0 |      96 |      0 |       0 |      0 |       0 |
| X2Y0              |      2 |      24 |   6173 |   22080 |    234 |    5760 |     10 |      24 |      0 |       0 |      0 |     120 |      0 |       0 |      0 |       0 |
| X3Y0              |      2 |      24 |   5305 |   22080 |     93 |    3360 |      0 |      48 |      0 |       0 |      0 |      48 |      0 |       4 |      0 |       1 |
| X0Y1              |      0 |       0 |      0 |       0 |      0 |       0 |      0 |       0 |      0 |       0 |      0 |       0 |      0 |       0 |      0 |       0 |
| X1Y1              |      1 |      24 |    205 |   17280 |      0 |    4320 |      0 |      24 |      0 |      16 |      0 |      96 |      0 |       0 |      0 |       0 |
| X2Y1              |      5 |      24 |   5342 |   22080 |     83 |    5760 |     18 |      24 |      0 |       0 |      0 |     120 |      0 |       0 |      0 |       0 |
| X3Y1              |      2 |      24 |   2632 |   22080 |     70 |    3360 |      0 |      48 |      0 |       0 |      0 |      48 |      0 |       4 |      0 |       1 |
| X0Y2              |      0 |       0 |      0 |       0 |      0 |       0 |      0 |       0 |      0 |       0 |      0 |       0 |      0 |       0 |      0 |       0 |
| X1Y2              |      0 |      24 |      0 |   17280 |      0 |    4320 |      0 |      24 |      0 |      16 |      0 |      96 |      0 |       0 |      0 |       0 |
| X2Y2              |      5 |      24 |   5126 |   22080 |     85 |    5760 |     24 |      24 |      0 |       0 |      3 |     120 |      0 |       0 |      0 |       0 |
| X3Y2              |      1 |      24 |    159 |   22080 |      0 |    3360 |      0 |      48 |      0 |       0 |      0 |      48 |      0 |       4 |      0 |       0 |
| X0Y3              |      0 |       0 |      0 |       0 |      0 |       0 |      0 |       0 |      0 |       0 |      0 |       0 |      0 |       0 |      0 |       0 |
| X1Y3              |      0 |      24 |      0 |   17280 |      0 |    4320 |      0 |      24 |      0 |      16 |      0 |      96 |      0 |       0 |      0 |       0 |
| X2Y3              |      3 |      24 |   5045 |   22080 |      0 |    5760 |      9 |      24 |      0 |       0 |      0 |     120 |      0 |       0 |      0 |       0 |
| X3Y3              |      0 |      24 |      0 |   22080 |      0 |    3360 |      0 |      48 |      0 |       0 |      0 |      48 |      0 |       4 |      0 |       0 |
| X0Y4              |      0 |      24 |      0 |   40320 |      0 |    9120 |      0 |      24 |      0 |       0 |      0 |      48 |      0 |       0 |      0 |       0 |
| X1Y4              |      1 |      24 |      3 |   23040 |      0 |    5760 |      0 |      24 |      0 |      16 |      0 |     120 |      0 |       0 |      0 |       0 |
| X2Y4              |      1 |      24 |      0 |   22080 |      0 |    5760 |      0 |      24 |      0 |       0 |      0 |     120 |      0 |       0 |      0 |       0 |
| X3Y4              |      0 |      24 |      0 |   22080 |      0 |    3360 |      0 |      48 |      0 |       0 |      0 |      48 |      0 |       4 |      0 |       0 |
| X0Y5              |      0 |      24 |      0 |   40320 |      0 |    9120 |      0 |      24 |      0 |       0 |      0 |      48 |      0 |       0 |      0 |       0 |
| X1Y5              |      0 |      24 |      0 |   23040 |      0 |    5760 |      0 |      24 |      0 |      16 |      0 |     120 |      0 |       0 |      0 |       0 |
| X2Y5              |      0 |      24 |      0 |   22080 |      0 |    5760 |      0 |      24 |      0 |       0 |      0 |     120 |      0 |       0 |      0 |       0 |
| X3Y5              |      0 |      24 |      0 |   22080 |      0 |    3360 |      0 |      48 |      0 |       0 |      0 |      48 |      0 |       4 |      0 |       0 |
+-------------------+--------+---------+--------+---------+--------+---------+--------+---------+--------+---------+--------+---------+--------+---------+--------+---------+
* Global Clock column represents track count; while other columns represents cell counts


6. Clock Regions : Global Clock Summary
---------------------------------------

All Modules
+----+----+----+----+----+
|    | X0 | X1 | X2 | X3 |
+----+----+----+----+----+
| Y5 |  0 |  0 |  0 |  0 |
| Y4 |  0 |  1 |  1 |  0 |
| Y3 |  0 |  0 |  2 |  0 |
| Y2 |  0 |  0 |  4 |  1 |
| Y1 |  0 |  1 |  5 |  2 |
| Y0 |  0 |  2 |  2 |  2 |
+----+----+----+----+----+


7. Clock Regions : Routing Resource Utilization
-----------------------------------------------

All Modules
+-------------------+----------------------+----------------------+----------------------+----------------------+
|                   |        HROUTES       |        HDISTRS       |        VROUTES       |        VDISTRS       |
+-------------------+------+-------+-------+------+-------+-------+------+-------+-------+------+-------+-------+
| Clock Region Name | Used | Avail | Util% | Used | Avail | Util% | Used | Avail | Util% | Used | Avail | Util% |
+-------------------+------+-------+-------+------+-------+-------+------+-------+-------+------+-------+-------+
| X0Y0              |    0 |     0 |  0.00 |    0 |     0 |  0.00 |    0 |     0 |  0.00 |    0 |     0 |  0.00 |
| X1Y0              |    0 |    24 |  0.00 |    2 |    24 |  8.33 |    0 |    24 |  0.00 |    0 |    24 |  0.00 |
| X2Y0              |    0 |    24 |  0.00 |    2 |    24 |  8.33 |    1 |    24 |  4.17 |    2 |    24 |  8.33 |
| X3Y0              |    0 |    24 |  0.00 |    2 |    24 |  8.33 |    0 |    24 |  0.00 |    0 |    24 |  0.00 |
| X0Y1              |    0 |     0 |  0.00 |    0 |     0 |  0.00 |    0 |     0 |  0.00 |    0 |     0 |  0.00 |
| X1Y1              |    0 |    24 |  0.00 |    1 |    24 |  4.17 |    0 |    24 |  0.00 |    0 |    24 |  0.00 |
| X2Y1              |    0 |    24 |  0.00 |    5 |    24 | 20.83 |    2 |    24 |  8.33 |    4 |    24 | 16.67 |
| X3Y1              |    0 |    24 |  0.00 |    2 |    24 |  8.33 |    0 |    24 |  0.00 |    0 |    24 |  0.00 |
| X0Y2              |    0 |     0 |  0.00 |    0 |     0 |  0.00 |    0 |     0 |  0.00 |    0 |     0 |  0.00 |
| X1Y2              |    0 |    24 |  0.00 |    0 |    24 |  0.00 |    0 |    24 |  0.00 |    0 |    24 |  0.00 |
| X2Y2              |    1 |    24 |  4.17 |    4 |    24 | 16.67 |    2 |    24 |  8.33 |    2 |    24 |  8.33 |
| X3Y2              |    0 |    24 |  0.00 |    1 |    24 |  4.17 |    0 |    24 |  0.00 |    0 |    24 |  0.00 |
| X0Y3              |    0 |     0 |  0.00 |    0 |     0 |  0.00 |    0 |     0 |  0.00 |    0 |     0 |  0.00 |
| X1Y3              |    0 |    24 |  0.00 |    0 |    24 |  0.00 |    0 |    24 |  0.00 |    0 |    24 |  0.00 |
| X2Y3              |    1 |    24 |  4.17 |    2 |    24 |  8.33 |    1 |    24 |  4.17 |    1 |    24 |  4.17 |
| X3Y3              |    0 |    24 |  0.00 |    0 |    24 |  0.00 |    0 |    24 |  0.00 |    0 |    24 |  0.00 |
| X0Y4              |    0 |    24 |  0.00 |    0 |    24 |  0.00 |    0 |    24 |  0.00 |    0 |    24 |  0.00 |
| X1Y4              |    0 |    24 |  0.00 |    1 |    24 |  4.17 |    0 |    24 |  0.00 |    0 |    24 |  0.00 |
| X2Y4              |    0 |    24 |  0.00 |    1 |    24 |  4.17 |    0 |    24 |  0.00 |    0 |    24 |  0.00 |
| X3Y4              |    0 |    24 |  0.00 |    0 |    24 |  0.00 |    0 |    24 |  0.00 |    0 |    24 |  0.00 |
| X0Y5              |    0 |    24 |  0.00 |    0 |    24 |  0.00 |    0 |    24 |  0.00 |    0 |    24 |  0.00 |
| X1Y5              |    0 |    24 |  0.00 |    0 |    24 |  0.00 |    0 |    24 |  0.00 |    0 |    24 |  0.00 |
| X2Y5              |    0 |    24 |  0.00 |    0 |    24 |  0.00 |    0 |    24 |  0.00 |    0 |    24 |  0.00 |
| X3Y5              |    0 |    24 |  0.00 |    0 |    24 |  0.00 |    0 |    24 |  0.00 |    0 |    24 |  0.00 |
+-------------------+------+-------+-------+------+-------+-------+------+-------+-------+------+-------+-------+


8. Device Cell Placement Summary for Global Clock g0
----------------------------------------------------

+-----------+-----------------+-------------------+--------------+-------------+---------------+----------+-------------+----------+----------------+----------+----------------------------------------+
| Global Id | Driver Type/Pin | Driver Region (D) | Clock        | Period (ns) | Waveform (ns) | Root (R) | Slice Loads | IO Loads | Clocking Loads | GT Loads | Net                                    |
+-----------+-----------------+-------------------+--------------+-------------+---------------+----------+-------------+----------+----------------+----------+----------------------------------------+
| g0        | BUFGCE/O        | X2Y2              | mmcm_clkout5 |      15.008 | {0.000 7.504} | X2Y0     |       18701 |        0 |              0 |        0 | phy/inst/u_ddr4_infrastructure/dbg_clk |
+-----------+-----------------+-------------------+--------------+-------------+---------------+----------+-------------+----------+----------------+----------+----------------------------------------+
* Logic Loads column represents load cell count of all cell types other than IO, GT and clock resources
** IO Loads column represents load cell count of IO types
*** Clocking Loads column represents load cell count that are clock resources (global clock buffer, MMCM, PLL, etc)
**** GT Loads column represents load cell count of GT types


+----+----+-------+----------+-------+
|    | X0 | X1    | X2       | X3    |
+----+----+-------+----------+-------+
| Y5 |  0 |     0 |        0 |     0 |
| Y4 |  0 |     0 |        0 |     0 |
| Y3 |  0 |     0 |        0 |     0 |
| Y2 |  0 |     0 |    (D) 0 |     0 |
| Y1 |  0 |   205 |     4054 |  2518 |
| Y0 |  0 |  1478 | (R) 5301 |  5145 |
+----+----+-------+----------+-------+


9. Device Cell Placement Summary for Global Clock g1
----------------------------------------------------

+-----------+-----------------+-------------------+--------------+-------------+---------------+----------+-------------+----------+----------------+----------+-----------------------------------------------------+
| Global Id | Driver Type/Pin | Driver Region (D) | Clock        | Period (ns) | Waveform (ns) | Root (R) | Slice Loads | IO Loads | Clocking Loads | GT Loads | Net                                                 |
+-----------+-----------------+-------------------+--------------+-------------+---------------+----------+-------------+----------+----------------+----------+-----------------------------------------------------+
| g1        | BUFGCE/O        | X2Y2              | mmcm_clkout0 |       3.752 | {0.000 1.876} | X2Y2     |       11774 |        0 |              3 |        0 | phy/inst/u_ddr4_infrastructure/input_rst_mmcm_reg_0 |
+-----------+-----------------+-------------------+--------------+-------------+---------------+----------+-------------+----------+----------------+----------+-----------------------------------------------------+
* Logic Loads column represents load cell count of all cell types other than IO, GT and clock resources
** IO Loads column represents load cell count of IO types
*** Clocking Loads column represents load cell count that are clock resources (global clock buffer, MMCM, PLL, etc)
**** GT Loads column represents load cell count of GT types


+----+----+------+--------------+------+
|    | X0 | X1   | X2           | X3   |
+----+----+------+--------------+------+
| Y5 |  0 |    0 |            0 |    0 |
| Y4 |  0 |    3 |            0 |    0 |
| Y3 |  0 |    0 |         4991 |    0 |
| Y2 |  0 |    0 | (R) (D) 4162 |    0 |
| Y1 |  0 |    0 |          735 |  184 |
| Y0 |  0 |  333 |         1116 |  253 |
+----+----+------+--------------+------+


10. Device Cell Placement Summary for Global Clock g2
-----------------------------------------------------

+-----------+-----------------+-------------------+--------------+-------------+---------------+----------+-------------+----------+----------------+----------+------------------------------------+
| Global Id | Driver Type/Pin | Driver Region (D) | Clock        | Period (ns) | Waveform (ns) | Root (R) | Slice Loads | IO Loads | Clocking Loads | GT Loads | Net                                |
+-----------+-----------------+-------------------+--------------+-------------+---------------+----------+-------------+----------+----------------+----------+------------------------------------+
| g2        | BUFGCE/O        | X2Y2              | mmcm_clkout6 |       7.504 | {0.000 3.752} | X2Y2     |        1579 |        0 |              0 |        0 | phy/inst/u_ddr4_infrastructure/CLK |
+-----------+-----------------+-------------------+--------------+-------------+---------------+----------+-------------+----------+----------------+----------+------------------------------------+
* Logic Loads column represents load cell count of all cell types other than IO, GT and clock resources
** IO Loads column represents load cell count of IO types
*** Clocking Loads column represents load cell count that are clock resources (global clock buffer, MMCM, PLL, etc)
**** GT Loads column represents load cell count of GT types


+----+----+----+--------------+----+
|    | X0 | X1 | X2           | X3 |
+----+----+----+--------------+----+
| Y5 |  0 |  0 |            0 |  0 |
| Y4 |  0 |  0 |            0 |  0 |
| Y3 |  0 |  0 |          108 |  0 |
| Y2 |  0 |  0 | (R) (D) 1100 |  0 |
| Y1 |  0 |  0 |          371 |  0 |
| Y0 |  0 |  0 |            0 |  0 |
+----+----+----+--------------+----+


11. Device Cell Placement Summary for Global Clock g3
-----------------------------------------------------

+-----------+-----------------+-------------------+-----------------------------------------------------------------------------------------------------+-------------+----------------+----------+-------------+----------+----------------+----------+----------------------------------------+
| Global Id | Driver Type/Pin | Driver Region (D) | Clock                                                                                               | Period (ns) | Waveform (ns)  | Root (R) | Slice Loads | IO Loads | Clocking Loads | GT Loads | Net                                    |
+-----------+-----------------+-------------------+-----------------------------------------------------------------------------------------------------+-------------+----------------+----------+-------------+----------+----------------+----------+----------------------------------------+
| g3        | BUFGCE/O        | X2Y3              | dbg_hub/inst/BSCANID.u_xsdbm_id/SWITCH_N_EXT_BSCAN.bscan_inst/SERIES7_BSCAN.bscan_inst/INTERNAL_TCK |      50.000 | {0.000 25.000} | X2Y1     |         462 |        0 |              0 |        0 | dbg_hub/inst/BSCANID.u_xsdbm_id/itck_i |
+-----------+-----------------+-------------------+-----------------------------------------------------------------------------------------------------+-------------+----------------+----------+-------------+----------+----------------+----------+----------------------------------------+
* Logic Loads column represents load cell count of all cell types other than IO, GT and clock resources
** IO Loads column represents load cell count of IO types
*** Clocking Loads column represents load cell count that are clock resources (global clock buffer, MMCM, PLL, etc)
**** GT Loads column represents load cell count of GT types


+----+----+----+---------+------+
|    | X0 | X1 | X2      | X3   |
+----+----+----+---------+------+
| Y5 |  0 |  0 |       0 |    0 |
| Y4 |  0 |  0 |       0 |    0 |
| Y3 |  0 |  0 |   (D) 0 |    0 |
| Y2 |  0 |  0 |      10 |  159 |
| Y1 |  0 |  0 | (R) 293 |    0 |
| Y0 |  0 |  0 |       0 |    0 |
+----+----+----+---------+------+


12. Device Cell Placement Summary for Global Clock g4
-----------------------------------------------------

+-----------+-----------------+-------------------+--------------+-------------+---------------+----------+-------------+----------+----------------+----------+-------------------------------------------------------+
| Global Id | Driver Type/Pin | Driver Region (D) | Clock        | Period (ns) | Waveform (ns) | Root (R) | Slice Loads | IO Loads | Clocking Loads | GT Loads | Net                                                   |
+-----------+-----------------+-------------------+--------------+-------------+---------------+----------+-------------+----------+----------------+----------+-------------------------------------------------------+
| g4        | BUFGCE/O        | X2Y1              | c0_sys_clk_p |       3.335 | {0.000 1.668} | X2Y1     |          17 |        0 |              1 |        0 | phy/inst/u_mig_ddr4_phy/inst/u_ddr4_phy_pll/xlnx_opt_ |
+-----------+-----------------+-------------------+--------------+-------------+---------------+----------+-------------+----------+----------------+----------+-------------------------------------------------------+
* Logic Loads column represents load cell count of all cell types other than IO, GT and clock resources
** IO Loads column represents load cell count of IO types
*** Clocking Loads column represents load cell count that are clock resources (global clock buffer, MMCM, PLL, etc)
**** GT Loads column represents load cell count of GT types


+----+----+----+------------+----+
|    | X0 | X1 | X2         | X3 |
+----+----+----+------------+----+
| Y5 |  0 |  0 |          0 |  0 |
| Y4 |  0 |  0 |          0 |  0 |
| Y3 |  0 |  0 |          0 |  0 |
| Y2 |  0 |  0 |          4 |  0 |
| Y1 |  0 |  0 | (R) (D) 14 |  0 |
| Y0 |  0 |  0 |          0 |  0 |
+----+----+----+------------+----+


13. Clock Region Cell Placement per Global Clock: Region X1Y0
-------------------------------------------------------------

+-----------+-------+-----------------+------------+-------------+-----------------+------+--------+------+------+-----+----+------+-----+---------+-----------------------------------------------------+
| Global Id | Track | Driver Type/Pin | Constraint | Clock Loads | Non-Clock Loads | FF   | LUTRAM | RAMB | URAM | DSP | GT | MMCM | PLL | Hard IP | Net                                                 |
+-----------+-------+-----------------+------------+-------------+-----------------+------+--------+------+------+-----+----+------+-----+---------+-----------------------------------------------------+
| g0        | 2     | BUFGCE/O        | None       |        1478 |               0 | 1453 |     21 |    4 |    0 |   0 |  0 |    0 |   0 |       0 | phy/inst/u_ddr4_infrastructure/dbg_clk              |
| g1        | 20    | BUFGCE/O        | None       |         333 |               0 |  265 |     64 |    4 |    0 |   0 |  0 |    0 |   0 |       0 | phy/inst/u_ddr4_infrastructure/input_rst_mmcm_reg_0 |
+-----------+-------+-----------------+------------+-------------+-----------------+------+--------+------+------+-----+----+------+-----+---------+-----------------------------------------------------+
* Clock Loads column represents the clock pin loads (pin count)
** Non-Clock Loads column represents the non-clock pin loads (pin count)
*** Columns FF, LUTRAM, RAMB through 'Hard IP' represents load cell counts


14. Clock Region Cell Placement per Global Clock: Region X2Y0
-------------------------------------------------------------

+-----------+-------+-----------------+------------+-------------+-----------------+------+--------+------+------+-----+----+------+-----+---------+-----------------------------------------------------+
| Global Id | Track | Driver Type/Pin | Constraint | Clock Loads | Non-Clock Loads | FF   | LUTRAM | RAMB | URAM | DSP | GT | MMCM | PLL | Hard IP | Net                                                 |
+-----------+-------+-----------------+------------+-------------+-----------------+------+--------+------+------+-----+----+------+-----+---------+-----------------------------------------------------+
| g0        | 2     | BUFGCE/O        | None       |        5301 |               0 | 5152 |    144 |    5 |    0 |   0 |  0 |    0 |   0 |       0 | phy/inst/u_ddr4_infrastructure/dbg_clk              |
| g1        | 20    | BUFGCE/O        | None       |        1116 |               0 | 1021 |     90 |    5 |    0 |   0 |  0 |    0 |   0 |       0 | phy/inst/u_ddr4_infrastructure/input_rst_mmcm_reg_0 |
+-----------+-------+-----------------+------------+-------------+-----------------+------+--------+------+------+-----+----+------+-----+---------+-----------------------------------------------------+
* Clock Loads column represents the clock pin loads (pin count)
** Non-Clock Loads column represents the non-clock pin loads (pin count)
*** Columns FF, LUTRAM, RAMB through 'Hard IP' represents load cell counts


15. Clock Region Cell Placement per Global Clock: Region X3Y0
-------------------------------------------------------------

+-----------+-------+-----------------+------------+-------------+-----------------+------+--------+------+------+-----+----+------+-----+---------+-----------------------------------------------------+
| Global Id | Track | Driver Type/Pin | Constraint | Clock Loads | Non-Clock Loads | FF   | LUTRAM | RAMB | URAM | DSP | GT | MMCM | PLL | Hard IP | Net                                                 |
+-----------+-------+-----------------+------------+-------------+-----------------+------+--------+------+------+-----+----+------+-----+---------+-----------------------------------------------------+
| g0        | 2     | BUFGCE/O        | None       |        5145 |               0 | 5052 |     93 |    0 |    0 |   0 |  0 |    0 |   0 |       0 | phy/inst/u_ddr4_infrastructure/dbg_clk              |
| g1        | 20    | BUFGCE/O        | None       |         253 |               0 |  253 |      0 |    0 |    0 |   0 |  0 |    0 |   0 |       0 | phy/inst/u_ddr4_infrastructure/input_rst_mmcm_reg_0 |
+-----------+-------+-----------------+------------+-------------+-----------------+------+--------+------+------+-----+----+------+-----+---------+-----------------------------------------------------+
* Clock Loads column represents the clock pin loads (pin count)
** Non-Clock Loads column represents the non-clock pin loads (pin count)
*** Columns FF, LUTRAM, RAMB through 'Hard IP' represents load cell counts


16. Clock Region Cell Placement per Global Clock: Region X1Y1
-------------------------------------------------------------

+-----------+-------+-----------------+------------+-------------+-----------------+-----+--------+------+------+-----+----+------+-----+---------+----------------------------------------+
| Global Id | Track | Driver Type/Pin | Constraint | Clock Loads | Non-Clock Loads | FF  | LUTRAM | RAMB | URAM | DSP | GT | MMCM | PLL | Hard IP | Net                                    |
+-----------+-------+-----------------+------------+-------------+-----------------+-----+--------+------+------+-----+----+------+-----+---------+----------------------------------------+
| g0        | 2     | BUFGCE/O        | None       |         205 |               0 | 205 |      0 |    0 |    0 |   0 |  0 |    0 |   0 |       0 | phy/inst/u_ddr4_infrastructure/dbg_clk |
+-----------+-------+-----------------+------------+-------------+-----------------+-----+--------+------+------+-----+----+------+-----+---------+----------------------------------------+
* Clock Loads column represents the clock pin loads (pin count)
** Non-Clock Loads column represents the non-clock pin loads (pin count)
*** Columns FF, LUTRAM, RAMB through 'Hard IP' represents load cell counts


17. Clock Region Cell Placement per Global Clock: Region X2Y1
-------------------------------------------------------------

+-----------+-------+-----------------+------------+-------------+-----------------+------+--------+------+------+-----+----+------+-----+---------+-------------------------------------------------------+
| Global Id | Track | Driver Type/Pin | Constraint | Clock Loads | Non-Clock Loads | FF   | LUTRAM | RAMB | URAM | DSP | GT | MMCM | PLL | Hard IP | Net                                                   |
+-----------+-------+-----------------+------------+-------------+-----------------+------+--------+------+------+-----+----+------+-----+---------+-------------------------------------------------------+
| g0        | 2     | BUFGCE/O        | None       |        4054 |               0 | 3971 |     83 |    0 |    0 |   0 |  0 |    0 |   0 |       0 | phy/inst/u_ddr4_infrastructure/dbg_clk                |
| g1        | 20    | BUFGCE/O        | None       |         734 |               1 |  707 |      0 |    1 |    0 |   0 |  0 |    0 |   1 |       0 | phy/inst/u_ddr4_infrastructure/input_rst_mmcm_reg_0   |
| g2        | 14    | BUFGCE/O        | None       |         371 |               0 |  357 |      0 |    8 |    0 |   0 |  0 |    0 |   0 |       0 | phy/inst/u_ddr4_infrastructure/CLK                    |
| g3        | 8     | BUFGCE/O        | None       |         293 |               0 |  293 |      0 |    0 |    0 |   0 |  0 |    0 |   0 |       0 | dbg_hub/inst/BSCANID.u_xsdbm_id/itck_i                |
| g4        | 0     | BUFGCE/O        | None       |          14 |               0 |   14 |      0 |    0 |    0 |   0 |  0 |    0 |   0 |       0 | phy/inst/u_mig_ddr4_phy/inst/u_ddr4_phy_pll/xlnx_opt_ |
+-----------+-------+-----------------+------------+-------------+-----------------+------+--------+------+------+-----+----+------+-----+---------+-------------------------------------------------------+
* Clock Loads column represents the clock pin loads (pin count)
** Non-Clock Loads column represents the non-clock pin loads (pin count)
*** Columns FF, LUTRAM, RAMB through 'Hard IP' represents load cell counts


18. Clock Region Cell Placement per Global Clock: Region X3Y1
-------------------------------------------------------------

+-----------+-------+-----------------+------------+-------------+-----------------+------+--------+------+------+-----+----+------+-----+---------+-----------------------------------------------------+
| Global Id | Track | Driver Type/Pin | Constraint | Clock Loads | Non-Clock Loads | FF   | LUTRAM | RAMB | URAM | DSP | GT | MMCM | PLL | Hard IP | Net                                                 |
+-----------+-------+-----------------+------------+-------------+-----------------+------+--------+------+------+-----+----+------+-----+---------+-----------------------------------------------------+
| g0        | 2     | BUFGCE/O        | None       |        2518 |               0 | 2448 |     70 |    0 |    0 |   0 |  0 |    0 |   0 |       0 | phy/inst/u_ddr4_infrastructure/dbg_clk              |
| g1        | 20    | BUFGCE/O        | None       |         184 |               0 |  184 |      0 |    0 |    0 |   0 |  0 |    0 |   0 |       0 | phy/inst/u_ddr4_infrastructure/input_rst_mmcm_reg_0 |
+-----------+-------+-----------------+------------+-------------+-----------------+------+--------+------+------+-----+----+------+-----+---------+-----------------------------------------------------+
* Clock Loads column represents the clock pin loads (pin count)
** Non-Clock Loads column represents the non-clock pin loads (pin count)
*** Columns FF, LUTRAM, RAMB through 'Hard IP' represents load cell counts


19. Clock Region Cell Placement per Global Clock: Region X2Y2
-------------------------------------------------------------

+-----------+-------+-----------------+------------+-------------+-----------------+------+--------+------+------+-----+----+------+-----+---------+-------------------------------------------------------+
| Global Id | Track | Driver Type/Pin | Constraint | Clock Loads | Non-Clock Loads | FF   | LUTRAM | RAMB | URAM | DSP | GT | MMCM | PLL | Hard IP | Net                                                   |
+-----------+-------+-----------------+------------+-------------+-----------------+------+--------+------+------+-----+----+------+-----+---------+-------------------------------------------------------+
| g0+       | 2     | BUFGCE/O        | None       |           0 |               0 |    0 |      0 |    0 |    0 |   0 |  0 |    0 |   0 |       0 | phy/inst/u_ddr4_infrastructure/dbg_clk                |
| g1        | 20    | BUFGCE/O        | None       |        4161 |               1 | 4118 |      3 |    0 |    0 |   0 |  0 |    0 |   1 |       0 | phy/inst/u_ddr4_infrastructure/input_rst_mmcm_reg_0   |
| g2        | 14    | BUFGCE/O        | None       |        1100 |               0 |  995 |     82 |   12 |    0 |   3 |  0 |    0 |   0 |       0 | phy/inst/u_ddr4_infrastructure/CLK                    |
| g3        | 8     | BUFGCE/O        | None       |          10 |               0 |   10 |      0 |    0 |    0 |   0 |  0 |    0 |   0 |       0 | dbg_hub/inst/BSCANID.u_xsdbm_id/itck_i                |
| g4        | 0     | BUFGCE/O        | None       |           3 |               1 |    3 |      0 |    0 |    0 |   0 |  0 |    1 |   0 |       0 | phy/inst/u_mig_ddr4_phy/inst/u_ddr4_phy_pll/xlnx_opt_ |
+-----------+-------+-----------------+------------+-------------+-----------------+------+--------+------+------+-----+----+------+-----+---------+-------------------------------------------------------+
* Clock Loads column represents the clock pin loads (pin count)
** Non-Clock Loads column represents the non-clock pin loads (pin count)
*** Columns FF, LUTRAM, RAMB through 'Hard IP' represents load cell counts
**** In Global Id column, sympbol '+' indicates that global clock was used only to route through the clock region.


20. Clock Region Cell Placement per Global Clock: Region X3Y2
-------------------------------------------------------------

+-----------+-------+-----------------+------------+-------------+-----------------+-----+--------+------+------+-----+----+------+-----+---------+----------------------------------------+
| Global Id | Track | Driver Type/Pin | Constraint | Clock Loads | Non-Clock Loads | FF  | LUTRAM | RAMB | URAM | DSP | GT | MMCM | PLL | Hard IP | Net                                    |
+-----------+-------+-----------------+------------+-------------+-----------------+-----+--------+------+------+-----+----+------+-----+---------+----------------------------------------+
| g3        | 8     | BUFGCE/O        | None       |         159 |               0 | 159 |      0 |    0 |    0 |   0 |  0 |    0 |   0 |       0 | dbg_hub/inst/BSCANID.u_xsdbm_id/itck_i |
+-----------+-------+-----------------+------------+-------------+-----------------+-----+--------+------+------+-----+----+------+-----+---------+----------------------------------------+
* Clock Loads column represents the clock pin loads (pin count)
** Non-Clock Loads column represents the non-clock pin loads (pin count)
*** Columns FF, LUTRAM, RAMB through 'Hard IP' represents load cell counts


21. Clock Region Cell Placement per Global Clock: Region X2Y3
-------------------------------------------------------------

+-----------+-------+-----------------+------------+-------------+-----------------+------+--------+------+------+-----+----+------+-----+---------+-----------------------------------------------------+
| Global Id | Track | Driver Type/Pin | Constraint | Clock Loads | Non-Clock Loads | FF   | LUTRAM | RAMB | URAM | DSP | GT | MMCM | PLL | Hard IP | Net                                                 |
+-----------+-------+-----------------+------------+-------------+-----------------+------+--------+------+------+-----+----+------+-----+---------+-----------------------------------------------------+
| g1        | 20    | BUFGCE/O        | None       |        4990 |               1 | 4949 |      0 |    1 |    0 |   0 |  0 |    0 |   1 |       0 | phy/inst/u_ddr4_infrastructure/input_rst_mmcm_reg_0 |
| g2        | 14    | BUFGCE/O        | None       |         108 |               0 |   96 |      0 |    4 |    0 |   0 |  0 |    0 |   0 |       0 | phy/inst/u_ddr4_infrastructure/CLK                  |
| g3+       | 8     | BUFGCE/O        | None       |           0 |               0 |    0 |      0 |    0 |    0 |   0 |  0 |    0 |   0 |       0 | dbg_hub/inst/BSCANID.u_xsdbm_id/itck_i              |
+-----------+-------+-----------------+------------+-------------+-----------------+------+--------+------+------+-----+----+------+-----+---------+-----------------------------------------------------+
* Clock Loads column represents the clock pin loads (pin count)
** Non-Clock Loads column represents the non-clock pin loads (pin count)
*** Columns FF, LUTRAM, RAMB through 'Hard IP' represents load cell counts
**** In Global Id column, sympbol '+' indicates that global clock was used only to route through the clock region.


22. Clock Region Cell Placement per Global Clock: Region X1Y4
-------------------------------------------------------------

+-----------+-------+-----------------+------------+-------------+-----------------+----+--------+------+------+-----+----+------+-----+---------+-----------------------------------------------------+
| Global Id | Track | Driver Type/Pin | Constraint | Clock Loads | Non-Clock Loads | FF | LUTRAM | RAMB | URAM | DSP | GT | MMCM | PLL | Hard IP | Net                                                 |
+-----------+-------+-----------------+------------+-------------+-----------------+----+--------+------+------+-----+----+------+-----+---------+-----------------------------------------------------+
| g1        | 20    | BUFGCE/O        | None       |           3 |               0 |  3 |      0 |    0 |    0 |   0 |  0 |    0 |   0 |       0 | phy/inst/u_ddr4_infrastructure/input_rst_mmcm_reg_0 |
+-----------+-------+-----------------+------------+-------------+-----------------+----+--------+------+------+-----+----+------+-----+---------+-----------------------------------------------------+
* Clock Loads column represents the clock pin loads (pin count)
** Non-Clock Loads column represents the non-clock pin loads (pin count)
*** Columns FF, LUTRAM, RAMB through 'Hard IP' represents load cell counts


23. Clock Region Cell Placement per Global Clock: Region X2Y4
-------------------------------------------------------------

+-----------+-------+-----------------+------------+-------------+-----------------+----+--------+------+------+-----+----+------+-----+---------+-----------------------------------------------------+
| Global Id | Track | Driver Type/Pin | Constraint | Clock Loads | Non-Clock Loads | FF | LUTRAM | RAMB | URAM | DSP | GT | MMCM | PLL | Hard IP | Net                                                 |
+-----------+-------+-----------------+------------+-------------+-----------------+----+--------+------+------+-----+----+------+-----+---------+-----------------------------------------------------+
| g1+       | 20    | BUFGCE/O        | None       |           0 |               0 |  0 |      0 |    0 |    0 |   0 |  0 |    0 |   0 |       0 | phy/inst/u_ddr4_infrastructure/input_rst_mmcm_reg_0 |
+-----------+-------+-----------------+------------+-------------+-----------------+----+--------+------+------+-----+----+------+-----+---------+-----------------------------------------------------+
* Clock Loads column represents the clock pin loads (pin count)
** Non-Clock Loads column represents the non-clock pin loads (pin count)
*** Columns FF, LUTRAM, RAMB through 'Hard IP' represents load cell counts
**** In Global Id column, sympbol '+' indicates that global clock was used only to route through the clock region.


